#
# There is insufficient memory for the Java Runtime Environment to continue.
# Native memory allocation (mmap) failed to map 65536 bytes. Error detail: Failed to commit metaspace.
# Possible reasons:
#   The system is out of physical RAM or swap space
#   This process is running with CompressedOops enabled, and the Java Heap may be blocking the growth of the native heap
# Possible solutions:
#   Reduce memory load on the system
#   Increase physical memory or swap space
#   Check if swap backing store is full
#   Decrease Java heap size (-Xmx/-Xms)
#   Decrease number of Java threads
#   Decrease Java thread stack sizes (-Xss)
#   Set larger code cache with -XX:ReservedCodeCacheSize=
#   JVM is running with Unscaled Compressed Oops mode in which the Java heap is
#     placed in the first 4GB address space. The Java Heap base address is the
#     maximum limit for the native heap growth. Please use -XX:HeapBaseMinAddress
#     to set the Java Heap base and to place the Java Heap above 4GB virtual address.
# This output file may be truncated or incomplete.
#
#  Out of Memory Error (virtualSpaceNode.cpp:113), pid=8316, tid=17088
#
# JRE version: OpenJDK Runtime Environment Temurin-21.0.7+6 (21.0.7+6) (build 21.0.7+6-LTS)
# Java VM: OpenJDK 64-Bit Server VM Temurin-21.0.7+6 (21.0.7+6-LTS, mixed mode, sharing, tiered, compressed oops, compressed class ptrs, parallel gc, windows-amd64)
# No core dump will be written. Minidumps are not enabled by default on client versions of Windows
#

---------------  S U M M A R Y ------------

Command Line: --add-modules=ALL-SYSTEM --add-opens=java.base/java.util=ALL-UNNAMED --add-opens=java.base/java.lang=ALL-UNNAMED --add-opens=java.base/sun.nio.fs=ALL-UNNAMED -Declipse.application=org.eclipse.jdt.ls.core.id1 -Dosgi.bundles.defaultStartLevel=4 -Declipse.product=org.eclipse.jdt.ls.core.product -Djava.import.generatesMetadataFilesAtProjectRoot=false -DDetectVMInstallationsJob.disabled=true -Dfile.encoding=utf8 -XX:+UseParallelGC -XX:GCTimeRatio=4 -XX:AdaptiveSizePolicyWeight=90 -Dsun.zip.disableMemoryMapping=true -Xmx2G -Xms100m -Xlog:disable -javaagent:c:\Users\Admin\.vscode\extensions\redhat.java-1.43.1-win32-x64\lombok\lombok-1.18.39-4050.jar c:\Users\Admin\.vscode\extensions\redhat.java-1.43.1-win32-x64\server\plugins\org.eclipse.equinox.launcher_1.7.0.v20250519-0528.jar -configuration c:\Users\Admin\AppData\Roaming\Code\User\globalStorage\redhat.java\1.43.1\config_ss_win -data c:\Users\Admin\AppData\Roaming\Code\User\workspaceStorage\a22ac311986a60079b2837dc899ec97f\redhat.java\ss_ws --pipe=\\.\pipe\lsp-e8251248c729915deb7fe5f0c3059005-sock

Host: 13th Gen Intel(R) Core(TM) i7-1355U, 12 cores, 7G,  Windows 11 , 64 bit Build 22621 (10.0.22621.5415)
Time: Tue Jul  8 16:31:16 2025 Sri Lanka Standard Time elapsed time: 2.649953 seconds (0d 0h 0m 2s)

---------------  T H R E A D  ---------------

Current thread (0x0000012a5e534f50):  JavaThread "main"             [_thread_in_vm, id=17088, stack(0x0000001854c00000,0x0000001854d00000) (1024K)]

Stack: [0x0000001854c00000,0x0000001854d00000]
Native frames: (J=compiled Java code, j=interpreted, Vv=VM code, C=native code)
V  [jvm.dll+0x6ce119]
V  [jvm.dll+0x8a84a1]
V  [jvm.dll+0x8aa9ce]
V  [jvm.dll+0x8ab0b3]
V  [jvm.dll+0x27f8a6]
V  [jvm.dll+0x8a41ee]
V  [jvm.dll+0x670575]
V  [jvm.dll+0x6705da]
V  [jvm.dll+0x672dc2]
V  [jvm.dll+0x672c92]
V  [jvm.dll+0x670f4e]
V  [jvm.dll+0x2695bf]
V  [jvm.dll+0x67b1b5]
V  [jvm.dll+0x21563d]
V  [jvm.dll+0x215bba]
V  [jvm.dll+0x2165e5]
V  [jvm.dll+0x20bbae]
V  [jvm.dll+0x5ae58c]
V  [jvm.dll+0x21d26a]
V  [jvm.dll+0x820d6c]
V  [jvm.dll+0x821d94]
V  [jvm.dll+0x822580]
V  [jvm.dll+0x2169dc]
V  [jvm.dll+0x20bbc7]
V  [jvm.dll+0x5ae58c]
V  [jvm.dll+0x21d26a]
V  [jvm.dll+0x820d6c]
V  [jvm.dll+0x821d94]
V  [jvm.dll+0x822362]
V  [jvm.dll+0x821fe8]
V  [jvm.dll+0x26cf1b]
V  [jvm.dll+0x3d493e]
C  0x0000012a68c69274

The last pc belongs to new (printed below).
Java frames: (J=compiled Java code, j=interpreted, Vv=VM code)
j  java.util.concurrent.Executors.newScheduledThreadPool(ILjava/util/concurrent/ThreadFactory;)Ljava/util/concurrent/ScheduledExecutorService;+0 java.base@21.0.7
j  org.eclipse.osgi.internal.framework.EquinoxContainer.init()V+33
j  org.eclipse.osgi.internal.framework.EquinoxBundle$SystemBundle$EquinoxSystemModule.initWorker()V+46
j  org.eclipse.osgi.container.SystemModule.init()V+333
j  org.eclipse.osgi.internal.framework.EquinoxBundle$SystemBundle.init([Lorg/osgi/framework/FrameworkListener;)V+83
j  org.eclipse.osgi.internal.framework.EquinoxBundle$SystemBundle.init()V+2
j  org.eclipse.osgi.launch.Equinox.init()V+4
j  org.eclipse.core.runtime.adaptor.EclipseStarter.startup([Ljava/lang/String;Ljava/lang/Runnable;)Lorg/osgi/framework/BundleContext;+37
j  org.eclipse.core.runtime.adaptor.EclipseStarter.run([Ljava/lang/String;Ljava/lang/Runnable;)Ljava/lang/Object;+21
j  java.lang.invoke.DirectMethodHandle$Holder.invokeStatic(Ljava/lang/Object;Ljava/lang/Object;Ljava/lang/Object;)Ljava/lang/Object;+11 java.base@21.0.7
j  java.lang.invoke.LambdaForm$MH+0x0000012a0108a800.invoke(Ljava/lang/Object;Ljava/lang/Object;Ljava/lang/Object;Ljava/lang/Object;)Ljava/lang/Object;+54 java.base@21.0.7
j  java.lang.invoke.LambdaForm$MH+0x0000012a01002c00.invokeExact_MT(Ljava/lang/Object;Ljava/lang/Object;Ljava/lang/Object;Ljava/lang/Object;Ljava/lang/Object;)Ljava/lang/Object;+22 java.base@21.0.7
j  jdk.internal.reflect.DirectMethodHandleAccessor.invokeImpl(Ljava/lang/Object;[Ljava/lang/Object;)Ljava/lang/Object;+72 java.base@21.0.7
j  jdk.internal.reflect.DirectMethodHandleAccessor.invoke(Ljava/lang/Object;[Ljava/lang/Object;)Ljava/lang/Object;+23 java.base@21.0.7
j  java.lang.reflect.Method.invoke(Ljava/lang/Object;[Ljava/lang/Object;)Ljava/lang/Object;+102 java.base@21.0.7
j  org.eclipse.equinox.launcher.Main.invokeFramework([Ljava/lang/String;[Ljava/net/URL;)V+155
j  org.eclipse.equinox.launcher.Main.basicRun([Ljava/lang/String;)V+191
j  org.eclipse.equinox.launcher.Main.run([Ljava/lang/String;)I+4
j  org.eclipse.equinox.launcher.Main.main([Ljava/lang/String;)V+10
v  ~StubRoutines::call_stub 0x0000012a68c5100d
new  187 new  [0x0000012a68c690e0, 0x0000012a68c692e8]  520 bytes
[MachCode]
  0x0000012a68c690e0: 4883 ec08 | c5fa 1104 | 24eb 1f48 | 83ec 10c5 | fb11 0424 | eb14 4883 | ec10 4889 | 0424 48c7 
  0x0000012a68c69100: 4424 0800 | 0000 00eb | 0150 410f | b755 010f | cac1 ea10 | 488b 4de8 | 488b 4908 | 488b 4908 
  0x0000012a68c69120: 488b 4108 | 807c 1004 | 070f 85d3 | 0000 0066 | 8b54 d148 | 488b 4928 | 488b 4cd1 | 0851 80b9 
  0x0000012a68c69140: 2101 0000 | 040f 85b6 | 0000 008b | 5108 f6c2 | 010f 85aa | 0000 0049 | 8b87 b801 | 0000 488d 
  0x0000012a68c69160: 1c10 493b | 9fc8 0100 | 000f 8792 | 0000 0049 | 899f b801 | 0000 4883 | ea10 0f84 | 0f00 0000 
  0x0000012a68c69180: 33c9 c1ea | 0348 894c | d008 48ff | ca75 f648 | c700 0100 | 0000 5933 | f689 700c | 49ba 0000 
  0x0000012a68c691a0: 0000 2a01 | 0000 492b | ca89 4808 | 49ba 3e5b | b833 f87f | 0000 4180 | 3a00 0f84 | 3c00 0000 
  0x0000012a68c691c0: 5048 8bc8 | 4883 ec20 | 40f6 c40f | 0f84 1900 | 0000 4883 | ec08 48b8 | 904b 6233 | f87f 0000 
  0x0000012a68c691e0: ffd0 4883 | c408 e90c | 0000 0048 | b890 4b62 | 33f8 7f00 | 00ff d048 | 83c4 2058 | e9cb 0000 
  0x0000012a68c69200: 0059 488b | 55e8 488b | 5208 488b | 5208 450f | b745 0141 | 0fc8 41c1 | e810 e805 | 0000 00e9 
  0x0000012a68c69220: a800 0000 | 488d 4424 | 084c 896d | c049 8bcf | c5f8 7749 | 89af a803 | 0000 4989 | 8798 0300 
  0x0000012a68c69240: 0048 83ec | 2040 f6c4 | 0f0f 8419 | 0000 0048 | 83ec 0848 | b8f0 482c | 33f8 7f00 | 00ff d048 
  0x0000012a68c69260: 83c4 08e9 | 0c00 0000 | 48b8 f048 | 2c33 f87f | 0000 ffd0 | 4883 c420 | 49c7 8798 | 0300 0000 
  0x0000012a68c69280: 0000 0049 | c787 a803 | 0000 0000 | 0000 49c7 | 87a0 0300 | 0000 0000 | 00c5 f877 | 4983 7f08 
  0x0000012a68c692a0: 000f 8405 | 0000 00e9 | 547c feff | 498b 87f0 | 0300 0049 | c787 f003 | 0000 0000 | 0000 4c8b 
  0x0000012a68c692c0: 6dc0 4c8b | 75c8 4e8d | 74f5 00c3 | 410f b65d | 0349 83c5 | 0349 bab0 | 20bb 33f8 | 7f00 0041 
  0x0000012a68c692e0: ff24 da0f | 1f44 0000 
[/MachCode]

---------------  P R O C E S S  ---------------

Threads class SMR info:
_java_thread_list=0x0000012a7b38cc60, length=11, elements={
0x0000012a5e534f50, 0x0000012a74fcdfb0, 0x0000012a7b0049e0, 0x0000012a7b006b80,
0x0000012a7b007a90, 0x0000012a7b00e8e0, 0x0000012a7b00cd60, 0x0000012a7b013120,
0x0000012a7b025830, 0x0000012a7b101fd0, 0x0000012a7b448080
}

Java Threads: ( => current thread )
=>0x0000012a5e534f50 JavaThread "main"                              [_thread_in_vm, id=17088, stack(0x0000001854c00000,0x0000001854d00000) (1024K)]
  0x0000012a74fcdfb0 JavaThread "Reference Handler"          daemon [_thread_blocked, id=29432, stack(0x0000001855000000,0x0000001855100000) (1024K)]
  0x0000012a7b0049e0 JavaThread "Finalizer"                  daemon [_thread_blocked, id=14596, stack(0x0000001855100000,0x0000001855200000) (1024K)]
  0x0000012a7b006b80 JavaThread "Signal Dispatcher"          daemon [_thread_blocked, id=19824, stack(0x0000001855200000,0x0000001855300000) (1024K)]
  0x0000012a7b007a90 JavaThread "Attach Listener"            daemon [_thread_blocked, id=4800, stack(0x0000001855300000,0x0000001855400000) (1024K)]
  0x0000012a7b00e8e0 JavaThread "Service Thread"             daemon [_thread_blocked, id=12324, stack(0x0000001855400000,0x0000001855500000) (1024K)]
  0x0000012a7b00cd60 JavaThread "Monitor Deflation Thread"   daemon [_thread_blocked, id=12476, stack(0x0000001855500000,0x0000001855600000) (1024K)]
  0x0000012a7b013120 JavaThread "C2 CompilerThread0"         daemon [_thread_in_native, id=18556, stack(0x0000001855600000,0x0000001855700000) (1024K)]
  0x0000012a7b025830 JavaThread "C1 CompilerThread0"         daemon [_thread_blocked, id=13700, stack(0x0000001855700000,0x0000001855800000) (1024K)]
  0x0000012a7b101fd0 JavaThread "Common-Cleaner"             daemon [_thread_blocked, id=23144, stack(0x0000001855800000,0x0000001855900000) (1024K)]
  0x0000012a7b448080 JavaThread "Notification Thread"        daemon [_thread_blocked, id=29080, stack(0x0000001855900000,0x0000001855a00000) (1024K)]
Total: 11

Other Threads:
  0x0000012a5e5eea20 VMThread "VM Thread"                           [id=2104, stack(0x0000001854f00000,0x0000001855000000) (1024K)]
  0x0000012a74eaca00 WatcherThread "VM Periodic Task Thread"        [id=28512, stack(0x0000001854e00000,0x0000001854f00000) (1024K)]
  0x0000012a5e552120 WorkerThread "GC Thread#0"                     [id=29420, stack(0x0000001854d00000,0x0000001854e00000) (1024K)]
  0x0000012a7b536350 WorkerThread "GC Thread#1"                     [id=15268, stack(0x0000001855a00000,0x0000001855b00000) (1024K)]
  0x0000012a7b535fb0 WorkerThread "GC Thread#2"                     [id=18812, stack(0x0000001855b00000,0x0000001855c00000) (1024K)]
  0x0000012a7b5366f0 WorkerThread "GC Thread#3"                     [id=19892, stack(0x0000001855c00000,0x0000001855d00000) (1024K)]
  0x0000012a7b5371d0 WorkerThread "GC Thread#4"                     [id=26108, stack(0x0000001855d00000,0x0000001855e00000) (1024K)]
  0x0000012a7b536a90 WorkerThread "GC Thread#5"                     [id=16960, stack(0x0000001855e00000,0x0000001855f00000) (1024K)]
  0x0000012a7b537570 WorkerThread "GC Thread#6"                     [id=16924, stack(0x0000001855f00000,0x0000001856000000) (1024K)]
Total: 9

Threads with active compile tasks:
C2 CompilerThread0  2714 1534       4       lombok.patcher.PatchScript::classMatches (41 bytes)
Total: 1

VM state: not at safepoint (normal execution)

VM Mutex/Monitor currently owned by a thread:  ([mutex/lock_event])
[0x00007ff833b9c308] Metaspace_lock - owner thread: 0x0000012a5e534f50

Heap address: 0x0000000080000000, size: 2048 MB, Compressed Oops mode: 32-bit

CDS archive(s) mapped at: [0x0000012a00000000-0x0000012a00ba0000-0x0000012a00ba0000), size 12189696, SharedBaseAddress: 0x0000012a00000000, ArchiveRelocationMode: 1.
Compressed class space mapped at: 0x0000012a01000000-0x0000012a41000000, reserved size: 1073741824
Narrow klass base: 0x0000012a00000000, Narrow klass shift: 0, Narrow klass range: 0x100000000

GC Precious Log:
 CardTable entry size: 512
 CPUs: 12 total, 12 available
 Memory: 7824M
 Large Page Support: Disabled
 NUMA Support: Disabled
 Compressed Oops: Enabled (32-bit)
 Alignments: Space 512K, Generation 512K, Heap 2M
 Heap Min Capacity: 100M
 Heap Initial Capacity: 100M
 Heap Max Capacity: 2G
 Pre-touch: Disabled
 Parallel Workers: 10

Heap:
 PSYoungGen      total 29696K, used 19084K [0x00000000d5580000, 0x00000000d7680000, 0x0000000100000000)
  eden space 25600K, 61% used [0x00000000d5580000,0x00000000d64ed678,0x00000000d6e80000)
  from space 4096K, 80% used [0x00000000d6e80000,0x00000000d71b5c78,0x00000000d7280000)
  to   space 4096K, 0% used [0x00000000d7280000,0x00000000d7280000,0x00000000d7680000)
 ParOldGen       total 68608K, used 16K [0x0000000080000000, 0x0000000084300000, 0x00000000d5580000)
  object space 68608K, 0% used [0x0000000080000000,0x0000000080004000,0x0000000084300000)
 Metaspace       used 6819K, committed 7104K, reserved 1114112K
  class space    used 674K, committed 832K, reserved 1048576K

Card table byte_map: [0x0000012a5df00000,0x0000012a5e310000] _byte_map_base: 0x0000012a5db00000

Marking Bits: (ParMarkBitMap*) 0x00007ff833ba31f0
 Begin Bits: [0x0000012a709d0000, 0x0000012a729d0000)
 End Bits:   [0x0000012a729d0000, 0x0000012a749d0000)

Polling page: 0x0000012a5dcf0000

Metaspace:

Usage:
  Non-class:      6.00 MB used.
      Class:    674.27 KB used.
       Both:      6.66 MB used.

Virtual space:
  Non-class space:       64.00 MB reserved,       6.12 MB ( 10%) committed,  1 nodes.
      Class space:        1.00 GB reserved,     832.00 KB ( <1%) committed,  1 nodes.
             Both:        1.06 GB reserved,       6.94 MB ( <1%) committed. 

Chunk freelists:
   Non-Class:  9.54 MB
       Class:  15.03 MB
        Both:  24.57 MB

MaxMetaspaceSize: unlimited
CompressedClassSpaceSize: 1.00 GB
Initial GC threshold: 21.00 MB
Current GC threshold: 21.00 MB
CDS: on
 - commit_granule_bytes: 65536.
 - commit_granule_words: 8192.
 - virtual_space_node_default_size: 8388608.
 - enlarge_chunks_in_place: 1.
 - use_allocation_guard: 0.


Internal statistics:

num_allocs_failed_limit: 0.
num_arena_births: 212.
num_arena_deaths: 0.
num_vsnodes_births: 2.
num_vsnodes_deaths: 0.
num_space_committed: 111.
num_space_uncommitted: 0.
num_chunks_returned_to_freelist: 0.
num_chunks_taken_from_freelist: 356.
num_chunk_merges: 0.
num_chunk_splits: 230.
num_chunks_enlarged: 153.
num_inconsistent_stats: 0.

CodeHeap 'non-profiled nmethods': size=120000Kb used=608Kb max_used=608Kb free=119391Kb
 bounds [0x0000012a691f0000, 0x0000012a69460000, 0x0000012a70720000]
CodeHeap 'profiled nmethods': size=120000Kb used=2773Kb max_used=2773Kb free=117226Kb
 bounds [0x0000012a61720000, 0x0000012a619e0000, 0x0000012a68c50000]
CodeHeap 'non-nmethods': size=5760Kb used=1207Kb max_used=1236Kb free=4552Kb
 bounds [0x0000012a68c50000, 0x0000012a68ec0000, 0x0000012a691f0000]
 total_blobs=2056 nmethods=1584 adapters=379
 compilation: enabled
              stopped_count=0, restarted_count=0
 full_count=0

Compilation events (20 events):
Event: 2.633 Thread 0x0000012a7b025830 1577       1       java.util.stream.AbstractPipeline::getStreamAndOpFlags (5 bytes)
Event: 2.633 Thread 0x0000012a7b025830 nmethod 1577 0x0000012a69287d10 code [0x0000012a69287ea0, 0x0000012a69287f68]
Event: 2.634 Thread 0x0000012a7b025830 1580       3       java.lang.SecurityManager$$Lambda/0x0000012a010c2698::test (8 bytes)
Event: 2.634 Thread 0x0000012a7b025830 nmethod 1580 0x0000012a619d2b90 code [0x0000012a619d2d40, 0x0000012a619d2f78]
Event: 2.634 Thread 0x0000012a7b025830 1581       3       java.lang.SecurityManager::lambda$nonExportedPkgs$2 (13 bytes)
Event: 2.634 Thread 0x0000012a7b025830 nmethod 1581 0x0000012a619d3010 code [0x0000012a619d31e0, 0x0000012a619d34c8]
Event: 2.634 Thread 0x0000012a7b025830 1584       3       java.lang.SecurityManager::lambda$addNonExportedPackages$1 (14 bytes)
Event: 2.634 Thread 0x0000012a7b025830 nmethod 1584 0x0000012a619d3610 code [0x0000012a619d37c0, 0x0000012a619d3a50]
Event: 2.634 Thread 0x0000012a7b025830 1582       3       java.util.HashMap::afterNodeRemoval (1 bytes)
Event: 2.635 Thread 0x0000012a7b025830 nmethod 1582 0x0000012a619d3b10 code [0x0000012a619d3ca0, 0x0000012a619d3da8]
Event: 2.635 Thread 0x0000012a7b025830 1583       3       java.util.HashSet::remove (20 bytes)
Event: 2.635 Thread 0x0000012a7b025830 nmethod 1583 0x0000012a619d3e10 code [0x0000012a619d3fc0, 0x0000012a619d41e8]
Event: 2.635 Thread 0x0000012a7b025830 1585       3       java.util.stream.AbstractPipeline::<init> (91 bytes)
Event: 2.636 Thread 0x0000012a7b025830 nmethod 1585 0x0000012a619d4290 code [0x0000012a619d4480, 0x0000012a619d4a20]
Event: 2.636 Thread 0x0000012a7b025830 1586       3       java.util.stream.ReferencePipeline$StatelessOp::<init> (29 bytes)
Event: 2.636 Thread 0x0000012a7b025830 nmethod 1586 0x0000012a619d4c10 code [0x0000012a619d4dc0, 0x0000012a619d4f78]
Event: 2.636 Thread 0x0000012a7b025830 1587       3       java.util.stream.Sink$ChainedReference::<init> (16 bytes)
Event: 2.636 Thread 0x0000012a7b025830 nmethod 1587 0x0000012a619d5090 code [0x0000012a619d5260, 0x0000012a619d5650]
Event: 2.636 Thread 0x0000012a7b025830 1588       1       java.util.ImmutableCollections$SetN::size (5 bytes)
Event: 2.636 Thread 0x0000012a7b025830 nmethod 1588 0x0000012a69288010 code [0x0000012a692881a0, 0x0000012a69288268]

GC Heap History (2 events):
Event: 1.827 GC heap before
{Heap before GC invocations=1 (full 0):
 PSYoungGen      total 29696K, used 25600K [0x00000000d5580000, 0x00000000d7680000, 0x0000000100000000)
  eden space 25600K, 100% used [0x00000000d5580000,0x00000000d6e80000,0x00000000d6e80000)
  from space 4096K, 0% used [0x00000000d7280000,0x00000000d7280000,0x00000000d7680000)
  to   space 4096K, 0% used [0x00000000d6e80000,0x00000000d6e80000,0x00000000d7280000)
 ParOldGen       total 68608K, used 0K [0x0000000080000000, 0x0000000084300000, 0x00000000d5580000)
  object space 68608K, 0% used [0x0000000080000000,0x0000000080000000,0x0000000084300000)
 Metaspace       used 4312K, committed 4544K, reserved 1114112K
  class space    used 458K, committed 576K, reserved 1048576K
}
Event: 1.834 GC heap after
{Heap after GC invocations=1 (full 0):
 PSYoungGen      total 29696K, used 3287K [0x00000000d5580000, 0x00000000d7680000, 0x0000000100000000)
  eden space 25600K, 0% used [0x00000000d5580000,0x00000000d5580000,0x00000000d6e80000)
  from space 4096K, 80% used [0x00000000d6e80000,0x00000000d71b5c78,0x00000000d7280000)
  to   space 4096K, 0% used [0x00000000d7280000,0x00000000d7280000,0x00000000d7680000)
 ParOldGen       total 68608K, used 16K [0x0000000080000000, 0x0000000084300000, 0x00000000d5580000)
  object space 68608K, 0% used [0x0000000080000000,0x0000000080004000,0x0000000084300000)
 Metaspace       used 4312K, committed 4544K, reserved 1114112K
  class space    used 458K, committed 576K, reserved 1048576K
}

Dll operation events (8 events):
Event: 0.126 Loaded shared library c:\Users\Admin\.vscode\extensions\redhat.java-1.43.1-win32-x64\jre\21.0.7-win32-x86_64\bin\java.dll
Event: 0.353 Loaded shared library c:\Users\Admin\.vscode\extensions\redhat.java-1.43.1-win32-x64\jre\21.0.7-win32-x86_64\bin\zip.dll
Event: 0.410 Loaded shared library C:\Users\Admin\.vscode\extensions\redhat.java-1.43.1-win32-x64\jre\21.0.7-win32-x86_64\bin\instrument.dll
Event: 0.426 Loaded shared library C:\Users\Admin\.vscode\extensions\redhat.java-1.43.1-win32-x64\jre\21.0.7-win32-x86_64\bin\net.dll
Event: 0.433 Loaded shared library C:\Users\Admin\.vscode\extensions\redhat.java-1.43.1-win32-x64\jre\21.0.7-win32-x86_64\bin\nio.dll
Event: 0.439 Loaded shared library C:\Users\Admin\.vscode\extensions\redhat.java-1.43.1-win32-x64\jre\21.0.7-win32-x86_64\bin\zip.dll
Event: 0.487 Loaded shared library C:\Users\Admin\.vscode\extensions\redhat.java-1.43.1-win32-x64\jre\21.0.7-win32-x86_64\bin\jimage.dll
Event: 0.655 Loaded shared library c:\Users\Admin\.vscode\extensions\redhat.java-1.43.1-win32-x64\jre\21.0.7-win32-x86_64\bin\verify.dll

Deoptimization events (20 events):
Event: 2.455 Thread 0x0000012a5e534f50 Uncommon trap: trap_request=0xffffffde fr.pc=0x0000012a6927c01c relative=0x000000000000057c
Event: 2.455 Thread 0x0000012a5e534f50 Uncommon trap: reason=class_check action=maybe_recompile pc=0x0000012a6927c01c method=java.util.Collections$UnmodifiableCollection$1.<init>(Ljava/util/Collections$UnmodifiableCollection;)V @ 17 c2
Event: 2.455 Thread 0x0000012a5e534f50 DEOPT PACKING pc=0x0000012a6927c01c sp=0x0000001854cfe690
Event: 2.455 Thread 0x0000012a5e534f50 DEOPT UNPACKING pc=0x0000012a68ca3aa2 sp=0x0000001854cfe5d8 mode 2
Event: 2.455 Thread 0x0000012a5e534f50 Uncommon trap: trap_request=0xffffffde fr.pc=0x0000012a6927c01c relative=0x000000000000057c
Event: 2.455 Thread 0x0000012a5e534f50 Uncommon trap: reason=class_check action=maybe_recompile pc=0x0000012a6927c01c method=java.util.Collections$UnmodifiableCollection$1.<init>(Ljava/util/Collections$UnmodifiableCollection;)V @ 17 c2
Event: 2.455 Thread 0x0000012a5e534f50 DEOPT PACKING pc=0x0000012a6927c01c sp=0x0000001854cfe690
Event: 2.455 Thread 0x0000012a5e534f50 DEOPT UNPACKING pc=0x0000012a68ca3aa2 sp=0x0000001854cfe5d8 mode 2
Event: 2.456 Thread 0x0000012a5e534f50 Uncommon trap: trap_request=0xffffffde fr.pc=0x0000012a6927c01c relative=0x000000000000057c
Event: 2.456 Thread 0x0000012a5e534f50 Uncommon trap: reason=class_check action=maybe_recompile pc=0x0000012a6927c01c method=java.util.Collections$UnmodifiableCollection$1.<init>(Ljava/util/Collections$UnmodifiableCollection;)V @ 17 c2
Event: 2.456 Thread 0x0000012a5e534f50 DEOPT PACKING pc=0x0000012a6927c01c sp=0x0000001854cfe690
Event: 2.456 Thread 0x0000012a5e534f50 DEOPT UNPACKING pc=0x0000012a68ca3aa2 sp=0x0000001854cfe5d8 mode 2
Event: 2.547 Thread 0x0000012a5e534f50 Uncommon trap: trap_request=0xffffff45 fr.pc=0x0000012a6927e0cc relative=0x00000000000000ac
Event: 2.547 Thread 0x0000012a5e534f50 Uncommon trap: reason=unstable_if action=reinterpret pc=0x0000012a6927e0cc method=java.util.concurrent.locks.ReentrantLock$NonfairSync.initialTryLock()Z @ 10 c2
Event: 2.547 Thread 0x0000012a5e534f50 DEOPT PACKING pc=0x0000012a6927e0cc sp=0x0000001854cfe980
Event: 2.547 Thread 0x0000012a5e534f50 DEOPT UNPACKING pc=0x0000012a68ca3aa2 sp=0x0000001854cfe910 mode 2
Event: 2.548 Thread 0x0000012a5e534f50 Uncommon trap: trap_request=0xffffff45 fr.pc=0x0000012a6927dd34 relative=0x0000000000000094
Event: 2.548 Thread 0x0000012a5e534f50 Uncommon trap: reason=unstable_if action=reinterpret pc=0x0000012a6927dd34 method=java.util.concurrent.locks.ReentrantLock$Sync.tryRelease(I)Z @ 26 c2
Event: 2.548 Thread 0x0000012a5e534f50 DEOPT PACKING pc=0x0000012a6927dd34 sp=0x0000001854cfea50
Event: 2.548 Thread 0x0000012a5e534f50 DEOPT UNPACKING pc=0x0000012a68ca3aa2 sp=0x0000001854cfe9d0 mode 2

Classes loaded (20 events):
Event: 2.435 Loading class java/util/Collections$UnmodifiableMap$UnmodifiableEntrySet
Event: 2.437 Loading class java/util/Collections$UnmodifiableMap$UnmodifiableEntrySet done
Event: 2.437 Loading class java/util/Collections$UnmodifiableMap$UnmodifiableEntrySet$1
Event: 2.438 Loading class java/util/Collections$UnmodifiableMap$UnmodifiableEntrySet$1 done
Event: 2.438 Loading class java/util/Collections$UnmodifiableMap$UnmodifiableEntrySet$UnmodifiableEntry
Event: 2.438 Loading class java/util/Collections$UnmodifiableMap$UnmodifiableEntrySet$UnmodifiableEntry done
Event: 2.490 Loading class java/lang/reflect/TypeVariable
Event: 2.490 Loading class java/lang/reflect/TypeVariable done
Event: 2.490 Loading class java/lang/InstantiationException
Event: 2.491 Loading class java/lang/InstantiationException done
Event: 2.491 Loading class java/lang/reflect/AnnotatedType
Event: 2.491 Loading class java/lang/reflect/AnnotatedType done
Event: 2.511 Loading class java/util/ArrayList$SubList$1
Event: 2.511 Loading class java/util/ArrayList$SubList$1 done
Event: 2.639 Loading class java/util/concurrent/Executors
Event: 2.641 Loading class java/util/concurrent/Executors done
Event: 2.641 Loading class java/util/concurrent/ScheduledThreadPoolExecutor
Event: 2.643 Loading class java/util/concurrent/ScheduledExecutorService
Event: 2.643 Loading class java/util/concurrent/ScheduledExecutorService done
Event: 2.643 Loading class java/util/concurrent/ThreadPoolExecutor

Classes unloaded (0 events):
No events

Classes redefined (0 events):
No events

Internal exceptions (20 events):
Event: 1.361 Thread 0x0000012a5e534f50 Exception <a 'java/lang/NoSuchMethodError'{0x00000000d65339c8}: 'java.lang.Object java.lang.invoke.DirectMethodHandle$Holder.invokeInterface(java.lang.Object, java.lang.Object)'> (0x00000000d65339c8) 
thrown [s\src\hotspot\share\interpreter\linkResolver.cpp, line 773]
Event: 1.368 Thread 0x0000012a5e534f50 Exception <a 'java/lang/NoSuchMethodError'{0x00000000d6546fd0}: 'java.lang.Object java.lang.invoke.Invokers$Holder.invokeExact_MT(java.lang.Object, java.lang.Object, java.lang.Object, java.lang.Object, java.lang.Object, java.lang.Object)'> (0x00000000d6546fd0) 
thrown [s\src\hotspot\share\interpreter\linkResolver.cpp, line 773]
Event: 1.376 Thread 0x0000012a5e534f50 Exception <a 'java/lang/NoSuchMethodError'{0x00000000d655e228}: 'int java.lang.invoke.DirectMethodHandle$Holder.invokeStatic(java.lang.Object, java.lang.Object, java.lang.Object, java.lang.Object, java.lang.Object)'> (0x00000000d655e228) 
thrown [s\src\hotspot\share\interpreter\linkResolver.cpp, line 773]
Event: 1.445 Thread 0x0000012a5e534f50 Exception <a 'java/lang/NoSuchMethodError'{0x00000000d65f1c08}: 'java.lang.Object java.lang.invoke.DirectMethodHandle$Holder.invokeInterface(java.lang.Object, java.lang.Object, int)'> (0x00000000d65f1c08) 
thrown [s\src\hotspot\share\interpreter\linkResolver.cpp, line 773]
Event: 1.729 Thread 0x0000012a5e534f50 Exception <a 'java/lang/NoSuchMethodError'{0x00000000d6a6b620}: 'java.lang.ClassLoader java.lang.ClassLoader.getPlatformClassLoader(java.lang.Class)'> (0x00000000d6a6b620) 
thrown [s\src\hotspot\share\interpreter\linkResolver.cpp, line 773]
Event: 1.837 Thread 0x0000012a5e534f50 Exception <a 'java/lang/ClassNotFoundException'{0x00000000d5585c80}: sun/net/www/protocol/c/Handler> (0x00000000d5585c80) 
thrown [s\src\hotspot\share\classfile\systemDictionary.cpp, line 312]
Event: 1.838 Thread 0x0000012a5e534f50 Exception <a 'java/lang/ClassNotFoundException'{0x00000000d5586fc8}: sun/net/www/protocol/d/Handler> (0x00000000d5586fc8) 
thrown [s\src\hotspot\share\classfile\systemDictionary.cpp, line 312]
Event: 1.838 Thread 0x0000012a5e534f50 Exception <a 'java/lang/ClassNotFoundException'{0x00000000d5588138}: sun/net/www/protocol/c/Handler> (0x00000000d5588138) 
thrown [s\src\hotspot\share\classfile\systemDictionary.cpp, line 312]
Event: 1.857 Thread 0x0000012a5e534f50 Exception <a 'java/io/FileNotFoundException'{0x00000000d55acc60}> (0x00000000d55acc60) 
thrown [s\src\hotspot\share\prims\jni.cpp, line 520]
Event: 1.919 Thread 0x0000012a5e534f50 Implicit null exception at 0x0000012a692491c9 to 0x0000012a69249b38
Event: 1.919 Thread 0x0000012a5e534f50 Implicit null exception at 0x0000012a6925059a to 0x0000012a692507a8
Event: 1.920 Thread 0x0000012a5e534f50 Exception <a 'java/lang/NoSuchMethodError'{0x00000000d5798af0}: 'void java.lang.invoke.DirectMethodHandle$Holder.invokeStatic(java.lang.Object, java.lang.Object, java.lang.Object, java.lang.Object)'> (0x00000000d5798af0) 
thrown [s\src\hotspot\share\interpreter\linkResolver.cpp, line 773]
Event: 1.922 Thread 0x0000012a5e534f50 Implicit null exception at 0x0000012a69250c9a to 0x0000012a69250ea8
Event: 1.923 Thread 0x0000012a5e534f50 Implicit null exception at 0x0000012a6924cc3d to 0x0000012a6924ccc1
Event: 2.098 Thread 0x0000012a5e534f50 Exception <a 'java/lang/NoSuchMethodError'{0x00000000d5a10580}: 'void java.lang.invoke.DirectMethodHandle$Holder.invokeSpecial(java.lang.Object, java.lang.Object, java.lang.Object)'> (0x00000000d5a10580) 
thrown [s\src\hotspot\share\interpreter\linkResolver.cpp, line 773]
Event: 2.493 Thread 0x0000012a5e534f50 Exception <a 'java/lang/NoSuchMethodError'{0x00000000d62d82c8}: 'int java.lang.invoke.DirectMethodHandle$Holder.invokeVirtual(java.lang.Object, java.lang.Object)'> (0x00000000d62d82c8) 
thrown [s\src\hotspot\share\interpreter\linkResolver.cpp, line 773]
Event: 2.605 Thread 0x0000012a5e534f50 Exception <a 'java/lang/NoSuchMethodError'{0x00000000d645cda8}: 'int java.lang.invoke.DirectMethodHandle$Holder.invokeStaticInit(java.lang.Object, java.lang.Object, java.lang.Object, java.lang.Object)'> (0x00000000d645cda8) 
thrown [s\src\hotspot\share\interpreter\linkResolver.cpp, line 773]
Event: 2.608 Thread 0x0000012a5e534f50 Exception <a 'java/lang/IncompatibleClassChangeError'{0x00000000d6465230}: Found class java.lang.Object, but interface was expected> (0x00000000d6465230) 
thrown [s\src\hotspot\share\interpreter\linkResolver.cpp, line 840]
Event: 2.614 Thread 0x0000012a5e534f50 Exception <a 'java/lang/NoSuchMethodError'{0x00000000d646c160}: 'void java.lang.invoke.DirectMethodHandle$Holder.invokeStaticInit(java.lang.Object, java.lang.Object)'> (0x00000000d646c160) 
thrown [s\src\hotspot\share\interpreter\linkResolver.cpp, line 773]
Event: 2.617 Thread 0x0000012a5e534f50 Exception <a 'java/lang/NoSuchMethodError'{0x00000000d6475eb8}: 'int java.lang.invoke.DirectMethodHandle$Holder.invokeStaticInit(java.lang.Object, java.lang.Object)'> (0x00000000d6475eb8) 
thrown [s\src\hotspot\share\interpreter\linkResolver.cpp, line 773]

ZGC Phase Switch (0 events):
No events

VM Operations (14 events):
Event: 0.349 Executing VM operation: HandshakeAllThreads (Deoptimize)
Event: 0.349 Executing VM operation: HandshakeAllThreads (Deoptimize) done
Event: 0.516 Executing VM operation: HandshakeAllThreads (Deoptimize)
Event: 0.516 Executing VM operation: HandshakeAllThreads (Deoptimize) done
Event: 1.215 Executing VM operation: HandshakeAllThreads (Deoptimize)
Event: 1.215 Executing VM operation: HandshakeAllThreads (Deoptimize) done
Event: 1.240 Executing VM operation: HandshakeAllThreads (Deoptimize)
Event: 1.240 Executing VM operation: HandshakeAllThreads (Deoptimize) done
Event: 1.240 Executing VM operation: Cleanup
Event: 1.240 Executing VM operation: Cleanup done
Event: 1.798 Executing VM operation: HandshakeAllThreads (Deoptimize)
Event: 1.798 Executing VM operation: HandshakeAllThreads (Deoptimize) done
Event: 1.826 Executing VM operation: ParallelGCFailedAllocation (Allocation Failure)
Event: 1.834 Executing VM operation: ParallelGCFailedAllocation (Allocation Failure) done

Memory protections (0 events):
No events

Nmethod flushes (0 events):
No events

Events (11 events):
Event: 0.198 Thread 0x0000012a5e534f50 Thread added: 0x0000012a5e534f50
Event: 0.250 Thread 0x0000012a5e534f50 Thread added: 0x0000012a74fcdfb0
Event: 0.251 Thread 0x0000012a5e534f50 Thread added: 0x0000012a7b0049e0
Event: 0.252 Thread 0x0000012a5e534f50 Thread added: 0x0000012a7b006b80
Event: 0.252 Thread 0x0000012a5e534f50 Thread added: 0x0000012a7b007a90
Event: 0.252 Thread 0x0000012a5e534f50 Thread added: 0x0000012a7b00e8e0
Event: 0.252 Thread 0x0000012a5e534f50 Thread added: 0x0000012a7b00cd60
Event: 0.252 Thread 0x0000012a5e534f50 Thread added: 0x0000012a7b013120
Event: 0.253 Thread 0x0000012a5e534f50 Thread added: 0x0000012a7b025830
Event: 0.308 Thread 0x0000012a5e534f50 Thread added: 0x0000012a7b101fd0
Event: 0.895 Thread 0x0000012a5e534f50 Thread added: 0x0000012a7b448080


Dynamic libraries:
0x00007ff6997c0000 - 0x00007ff6997ce000 	c:\Users\Admin\.vscode\extensions\redhat.java-1.43.1-win32-x64\jre\21.0.7-win32-x86_64\bin\java.exe
0x00007ff8aac50000 - 0x00007ff8aae67000 	C:\windows\SYSTEM32\ntdll.dll
0x00007ff8a9db0000 - 0x00007ff8a9e74000 	C:\windows\System32\KERNEL32.DLL
0x00007ff8a8090000 - 0x00007ff8a8462000 	C:\windows\System32\KERNELBASE.dll
0x00007ff8a84a0000 - 0x00007ff8a85b1000 	C:\windows\System32\ucrtbase.dll
0x00007ff88d3e0000 - 0x00007ff88d3f8000 	c:\Users\Admin\.vscode\extensions\redhat.java-1.43.1-win32-x64\jre\21.0.7-win32-x86_64\bin\jli.dll
0x00007ff8aa9a0000 - 0x00007ff8aab51000 	C:\windows\System32\USER32.dll
0x00007ff8a8470000 - 0x00007ff8a8496000 	C:\windows\System32\win32u.dll
0x00007ff8a8d00000 - 0x00007ff8a8d29000 	C:\windows\System32\GDI32.dll
0x00007ff8a87b0000 - 0x00007ff8a88d3000 	C:\windows\System32\gdi32full.dll
0x00007ff8a7d40000 - 0x00007ff8a7dda000 	C:\windows\System32\msvcp_win.dll
0x00007ff88d400000 - 0x00007ff88d41e000 	c:\Users\Admin\.vscode\extensions\redhat.java-1.43.1-win32-x64\jre\21.0.7-win32-x86_64\bin\VCRUNTIME140.dll
0x00007ff8857f0000 - 0x00007ff885a8b000 	C:\windows\WinSxS\amd64_microsoft.windows.common-controls_6595b64144ccf1df_6.0.22621.5415_none_270d77d17387d7da\COMCTL32.dll
0x00007ff8aa050000 - 0x00007ff8aa0f7000 	C:\windows\System32\msvcrt.dll
0x00007ff8a9e80000 - 0x00007ff8a9eb1000 	C:\windows\System32\IMM32.DLL
0x00007ff8a2ea0000 - 0x00007ff8a2eac000 	c:\Users\Admin\.vscode\extensions\redhat.java-1.43.1-win32-x64\jre\21.0.7-win32-x86_64\bin\vcruntime140_1.dll
0x00007ff83ff00000 - 0x00007ff83ff8d000 	c:\Users\Admin\.vscode\extensions\redhat.java-1.43.1-win32-x64\jre\21.0.7-win32-x86_64\bin\msvcp140.dll
0x00007ff832ef0000 - 0x00007ff833c80000 	c:\Users\Admin\.vscode\extensions\redhat.java-1.43.1-win32-x64\jre\21.0.7-win32-x86_64\bin\server\jvm.dll
0x00007ff8a9f20000 - 0x00007ff8a9fd1000 	C:\windows\System32\ADVAPI32.dll
0x00007ff8a9a60000 - 0x00007ff8a9b08000 	C:\windows\System32\sechost.dll
0x00007ff8a85c0000 - 0x00007ff8a85e8000 	C:\windows\System32\bcrypt.dll
0x00007ff8a8a40000 - 0x00007ff8a8b54000 	C:\windows\System32\RPCRT4.dll
0x00007ff8a89c0000 - 0x00007ff8a8a31000 	C:\windows\System32\WS2_32.dll
0x00007ff8a7c10000 - 0x00007ff8a7c5d000 	C:\windows\SYSTEM32\POWRPROF.dll
0x00007ff8a49a0000 - 0x00007ff8a49d4000 	C:\windows\SYSTEM32\WINMM.dll
0x00007ff8a4600000 - 0x00007ff8a460a000 	C:\windows\SYSTEM32\VERSION.dll
0x00007ff8a7bf0000 - 0x00007ff8a7c03000 	C:\windows\SYSTEM32\UMPDC.dll
0x00007ff8a6d30000 - 0x00007ff8a6d48000 	C:\windows\SYSTEM32\kernel.appcore.dll
0x00007ff8a0e30000 - 0x00007ff8a0e3a000 	c:\Users\Admin\.vscode\extensions\redhat.java-1.43.1-win32-x64\jre\21.0.7-win32-x86_64\bin\jimage.dll
0x00007ff8a5680000 - 0x00007ff8a58b3000 	C:\windows\SYSTEM32\DBGHELP.DLL
0x00007ff8aa600000 - 0x00007ff8aa993000 	C:\windows\System32\combase.dll
0x00007ff8a88e0000 - 0x00007ff8a89b7000 	C:\windows\System32\OLEAUT32.dll
0x00007ff87a960000 - 0x00007ff87a992000 	C:\windows\SYSTEM32\dbgcore.DLL
0x00007ff8a85f0000 - 0x00007ff8a866b000 	C:\windows\System32\bcryptPrimitives.dll
0x00007ff8a0a80000 - 0x00007ff8a0a8f000 	c:\Users\Admin\.vscode\extensions\redhat.java-1.43.1-win32-x64\jre\21.0.7-win32-x86_64\bin\instrument.dll
0x00007ff8833d0000 - 0x00007ff8833ef000 	c:\Users\Admin\.vscode\extensions\redhat.java-1.43.1-win32-x64\jre\21.0.7-win32-x86_64\bin\java.dll
0x00007ff8a8f60000 - 0x00007ff8a9802000 	C:\windows\System32\SHELL32.dll
0x00007ff8a8670000 - 0x00007ff8a87af000 	C:\windows\System32\wintypes.dll
0x00007ff8a5c20000 - 0x00007ff8a653e000 	C:\windows\SYSTEM32\windows.storage.dll
0x00007ff8a9ca0000 - 0x00007ff8a9dab000 	C:\windows\System32\SHCORE.dll
0x00007ff8a8ef0000 - 0x00007ff8a8f59000 	C:\windows\System32\shlwapi.dll
0x00007ff8a7c70000 - 0x00007ff8a7c9b000 	C:\windows\SYSTEM32\profapi.dll
0x00007ff88c5f0000 - 0x00007ff88c608000 	c:\Users\Admin\.vscode\extensions\redhat.java-1.43.1-win32-x64\jre\21.0.7-win32-x86_64\bin\zip.dll
0x00007ff8a0e10000 - 0x00007ff8a0e20000 	C:\Users\Admin\.vscode\extensions\redhat.java-1.43.1-win32-x64\jre\21.0.7-win32-x86_64\bin\net.dll
0x00007ff8a2fc0000 - 0x00007ff8a30ec000 	C:\windows\SYSTEM32\WINHTTP.dll
0x00007ff8a71a0000 - 0x00007ff8a7209000 	C:\windows\system32\mswsock.dll
0x00007ff883440000 - 0x00007ff883456000 	C:\Users\Admin\.vscode\extensions\redhat.java-1.43.1-win32-x64\jre\21.0.7-win32-x86_64\bin\nio.dll
0x00007ff88cd80000 - 0x00007ff88cd90000 	c:\Users\Admin\.vscode\extensions\redhat.java-1.43.1-win32-x64\jre\21.0.7-win32-x86_64\bin\verify.dll

dbghelp: loaded successfully - version: 4.0.5 - missing functions: none
symbol engine: initialized successfully - sym options: 0x614 - pdb path: .;c:\Users\Admin\.vscode\extensions\redhat.java-1.43.1-win32-x64\jre\21.0.7-win32-x86_64\bin;C:\windows\SYSTEM32;C:\windows\WinSxS\amd64_microsoft.windows.common-controls_6595b64144ccf1df_6.0.22621.5415_none_270d77d17387d7da;c:\Users\Admin\.vscode\extensions\redhat.java-1.43.1-win32-x64\jre\21.0.7-win32-x86_64\bin\server

VM Arguments:
jvm_args: --add-modules=ALL-SYSTEM --add-opens=java.base/java.util=ALL-UNNAMED --add-opens=java.base/java.lang=ALL-UNNAMED --add-opens=java.base/sun.nio.fs=ALL-UNNAMED -Declipse.application=org.eclipse.jdt.ls.core.id1 -Dosgi.bundles.defaultStartLevel=4 -Declipse.product=org.eclipse.jdt.ls.core.product -Djava.import.generatesMetadataFilesAtProjectRoot=false -DDetectVMInstallationsJob.disabled=true -Dfile.encoding=utf8 -XX:+UseParallelGC -XX:GCTimeRatio=4 -XX:AdaptiveSizePolicyWeight=90 -Dsun.zip.disableMemoryMapping=true -Xmx2G -Xms100m -Xlog:disable -javaagent:c:\Users\Admin\.vscode\extensions\redhat.java-1.43.1-win32-x64\lombok\lombok-1.18.39-4050.jar 
java_command: c:\Users\Admin\.vscode\extensions\redhat.java-1.43.1-win32-x64\server\plugins\org.eclipse.equinox.launcher_1.7.0.v20250519-0528.jar -configuration c:\Users\Admin\AppData\Roaming\Code\User\globalStorage\redhat.java\1.43.1\config_ss_win -data c:\Users\Admin\AppData\Roaming\Code\User\workspaceStorage\a22ac311986a60079b2837dc899ec97f\redhat.java\ss_ws --pipe=\\.\pipe\lsp-e8251248c729915deb7fe5f0c3059005-sock
java_class_path (initial): c:\Users\Admin\.vscode\extensions\redhat.java-1.43.1-win32-x64\server\plugins\org.eclipse.equinox.launcher_1.7.0.v20250519-0528.jar
Launcher Type: SUN_STANDARD

[Global flags]
    uintx AdaptiveSizePolicyWeight                 = 90                                        {product} {command line}
     intx CICompilerCount                          = 4                                         {product} {ergonomic}
    uintx GCTimeRatio                              = 4                                         {product} {command line}
   size_t InitialHeapSize                          = 104857600                                 {product} {command line}
   size_t MaxHeapSize                              = 2147483648                                {product} {command line}
   size_t MaxNewSize                               = 715653120                                 {product} {ergonomic}
   size_t MinHeapDeltaBytes                        = 524288                                    {product} {ergonomic}
   size_t MinHeapSize                              = 104857600                                 {product} {command line}
   size_t NewSize                                  = 34603008                                  {product} {ergonomic}
    uintx NonNMethodCodeHeapSize                   = 5839372                                {pd product} {ergonomic}
    uintx NonProfiledCodeHeapSize                  = 122909434                              {pd product} {ergonomic}
   size_t OldSize                                  = 70254592                                  {product} {ergonomic}
    uintx ProfiledCodeHeapSize                     = 122909434                              {pd product} {ergonomic}
    uintx ReservedCodeCacheSize                    = 251658240                              {pd product} {ergonomic}
     bool SegmentedCodeCache                       = true                                      {product} {ergonomic}
   size_t SoftMaxHeapSize                          = 2147483648                             {manageable} {ergonomic}
     bool UseCompressedOops                        = true                           {product lp64_product} {ergonomic}
     bool UseLargePagesIndividualAllocation        = false                                  {pd product} {ergonomic}
     bool UseParallelGC                            = true                                      {product} {command line}

Logging:
Log output configuration:
 #0: stdout all=off uptime,level,tags foldmultilines=false
 #1: stderr all=off uptime,level,tags foldmultilines=false

Environment Variables:
JAVA_HOME=C:\Program Files\Microsoft\jdk-17.0.14.7-hotspot\
PATH=C:\Program Files\Microsoft\jdk-17.0.14.7-hotspot\bin;C:\windows\system32;C:\windows;C:\windows\System32\Wbem;C:\windows\System32\WindowsPowerShell\v1.0\;C:\windows\System32\OpenSSH\;C:\Program Files\Git\cmd;C:\Program Files\dotnet\;C:\ProgramData\chocolatey\bin;C:\Program Files\nodejs\;C:\Users\Admin\AppData\Local\Android\Sdk\platform-tools;C:\Program Files\Microsoft SQL Server\150\Tools\Binn\;C:\Program Files\Microsoft SQL Server\Client SDK\ODBC\170\Tools\Binn\;C:\Users\Admin\AppData\Local\Microsoft\WindowsApps;C:\Users\Admin\AppData\Local\Programs\Microsoft VS Code\bin;C:\MinGW\bin;C:\Users\Admin\AppData\Local\GitHubDesktop\bin;C:\Users\Admin\.dotnet\tools;C:\Users\Admin\AppData\Roaming\npm;C:\Users\Admin\AppData\Local\Muse Hub\lib
USERNAME=Admin
OS=Windows_NT
PROCESSOR_IDENTIFIER=Intel64 Family 6 Model 186 Stepping 3, GenuineIntel
TMP=C:\Users\Admin\AppData\Local\Temp
TEMP=C:\Users\Admin\AppData\Local\Temp




Periodic native trim disabled

---------------  S Y S T E M  ---------------

OS:
 Windows 11 , 64 bit Build 22621 (10.0.22621.5415)
OS uptime: 6 days 10:07 hours
Hyper-V role detected

CPU: total 12 (initial active 12) (6 cores per cpu, 2 threads per core) family 6 model 186 stepping 3 microcode 0x4128, cx8, cmov, fxsr, ht, mmx, 3dnowpref, sse, sse2, sse3, ssse3, sse4.1, sse4.2, popcnt, lzcnt, tsc, tscinvbit, avx, avx2, aes, erms, clmul, bmi1, bmi2, adx, sha, fma, vzeroupper, clflush, clflushopt, clwb, hv, serialize, rdtscp, rdpid, fsrm, f16c, cet_ibt, cet_ss
Processor Information for processor 0
  Max Mhz: 1700, Current Mhz: 1700, Mhz Limit: 1700
Processor Information for processor 1
  Max Mhz: 1700, Current Mhz: 1700, Mhz Limit: 1700
Processor Information for processor 2
  Max Mhz: 1700, Current Mhz: 1700, Mhz Limit: 1700
Processor Information for processor 3
  Max Mhz: 1700, Current Mhz: 1700, Mhz Limit: 1700
Processor Information for processor 4
  Max Mhz: 1700, Current Mhz: 1700, Mhz Limit: 1700
Processor Information for processor 5
  Max Mhz: 1700, Current Mhz: 1700, Mhz Limit: 1700
Processor Information for processor 6
  Max Mhz: 1700, Current Mhz: 1700, Mhz Limit: 1700
Processor Information for processor 7
  Max Mhz: 1700, Current Mhz: 1700, Mhz Limit: 1700
Processor Information for processor 8
  Max Mhz: 1700, Current Mhz: 1700, Mhz Limit: 1700
Processor Information for processor 9
  Max Mhz: 1700, Current Mhz: 1700, Mhz Limit: 1700
Processor Information for processor 10
  Max Mhz: 1700, Current Mhz: 1700, Mhz Limit: 1700
Processor Information for processor 11
  Max Mhz: 1700, Current Mhz: 1558, Mhz Limit: 1700

Memory: 4k page, system-wide physical 7824M (21M free)
TotalPageFile size 31376M (AvailPageFile size 0M)
current process WorkingSet (physical memory assigned to process): 83M, peak: 83M
current process commit charge ("private bytes"): 243M, peak: 244M

vm_info: OpenJDK 64-Bit Server VM (21.0.7+6-LTS) for windows-amd64 JRE (21.0.7+6-LTS), built on 2025-04-15T00:00:00Z by "admin" with MS VC++ 17.7 (VS2022)

END.
