#
# There is insufficient memory for the Java Runtime Environment to continue.
# Native memory allocation (malloc) failed to allocate 202320 bytes. Error detail: Chunk::new
# Possible reasons:
#   The system is out of physical RAM or swap space
#   This process is running with CompressedOops enabled, and the Java Heap may be blocking the growth of the native heap
# Possible solutions:
#   Reduce memory load on the system
#   Increase physical memory or swap space
#   Check if swap backing store is full
#   Decrease Java heap size (-Xmx/-Xms)
#   Decrease number of Java threads
#   Decrease Java thread stack sizes (-Xss)
#   Set larger code cache with -XX:ReservedCodeCacheSize=
#   JVM is running with Unscaled Compressed Oops mode in which the Java heap is
#     placed in the first 4GB address space. The Java Heap base address is the
#     maximum limit for the native heap growth. Please use -XX:HeapBaseMinAddress
#     to set the Java Heap base and to place the Java Heap above 4GB virtual address.
# This output file may be truncated or incomplete.
#
#  Out of Memory Error (arena.cpp:168), pid=25408, tid=17756
#
# JRE version: OpenJDK Runtime Environment Temurin-21.0.7+6 (21.0.7+6) (build 21.0.7+6-LTS)
# Java VM: OpenJDK 64-Bit Server VM Temurin-21.0.7+6 (21.0.7+6-LTS, mixed mode, sharing, tiered, compressed oops, compressed class ptrs, parallel gc, windows-amd64)
# No core dump will be written. Minidumps are not enabled by default on client versions of Windows
#

---------------  S U M M A R Y ------------

Command Line: --add-modules=ALL-SYSTEM --add-opens=java.base/java.util=ALL-UNNAMED --add-opens=java.base/java.lang=ALL-UNNAMED --add-opens=java.base/sun.nio.fs=ALL-UNNAMED -Declipse.application=org.eclipse.jdt.ls.core.id1 -Dosgi.bundles.defaultStartLevel=4 -Declipse.product=org.eclipse.jdt.ls.core.product -Djava.import.generatesMetadataFilesAtProjectRoot=false -DDetectVMInstallationsJob.disabled=true -Dfile.encoding=utf8 -XX:+UseParallelGC -XX:GCTimeRatio=4 -XX:AdaptiveSizePolicyWeight=90 -Dsun.zip.disableMemoryMapping=true -Xmx2G -Xms100m -Xlog:disable -javaagent:c:\Users\Admin\.vscode\extensions\redhat.java-1.43.1-win32-x64\lombok\lombok-1.18.39-4050.jar -XX:+HeapDumpOnOutOfMemoryError -XX:HeapDumpPath=c:\Users\Admin\AppData\Roaming\Code\User\workspaceStorage\a22ac311986a60079b2837dc899ec97f\redhat.java -Daether.dependencyCollector.impl=bf c:\Users\Admin\.vscode\extensions\redhat.java-1.43.1-win32-x64\server\plugins\org.eclipse.equinox.launcher_1.7.0.v20250519-0528.jar -configuration c:\Users\Admin\AppData\Roaming\Code\User\globalStorage\redhat.java\1.43.1\config_win -data c:\Users\Admin\AppData\Roaming\Code\User\workspaceStorage\a22ac311986a60079b2837dc899ec97f\redhat.java\jdt_ws --pipe=\\.\pipe\lsp-b1a137f0403a74081fbc5bfa1ddcfc0b-sock

Host: 13th Gen Intel(R) Core(TM) i7-1355U, 12 cores, 7G,  Windows 11 , 64 bit Build 22621 (10.0.22621.5415)
Time: Tue Jul  8 16:33:25 2025 Sri Lanka Standard Time elapsed time: 121.415708 seconds (0d 0h 2m 1s)

---------------  T H R E A D  ---------------

Current thread (0x000001679165b1d0):  JavaThread "C2 CompilerThread0" daemon [_thread_in_native, id=17756, stack(0x00000056f2f00000,0x00000056f3000000) (1024K)]


Current CompileTask:
C2:121416 13310       4       org.eclipse.jdt.internal.compiler.parser.Scanner::internalScanIdentifierOrKeyword (5041 bytes)

Stack: [0x00000056f2f00000,0x00000056f3000000]
Native frames: (J=compiled Java code, j=interpreted, Vv=VM code, C=native code)
V  [jvm.dll+0x6ce119]
V  [jvm.dll+0x8a84a1]
V  [jvm.dll+0x8aa9ce]
V  [jvm.dll+0x8ab0b3]
V  [jvm.dll+0x27f8a6]
V  [jvm.dll+0xc507d]
V  [jvm.dll+0xc55b3]
V  [jvm.dll+0x13e9cf]
V  [jvm.dll+0x65d805]
V  [jvm.dll+0x65bd5e]
V  [jvm.dll+0x247975]
V  [jvm.dll+0x2470cf]
V  [jvm.dll+0x1c760e]
V  [jvm.dll+0x25695a]
V  [jvm.dll+0x254efa]
V  [jvm.dll+0x3f03f6]
V  [jvm.dll+0x851f6b]
V  [jvm.dll+0x6cc7dd]
C  [ucrtbase.dll+0x29333]
C  [KERNEL32.DLL+0x1259d]
C  [ntdll.dll+0x5af78]


---------------  P R O C E S S  ---------------

Threads class SMR info:
_java_thread_list=0x00000167918271d0, length=76, elements={
0x0000016737ce6a60, 0x00000167916544b0, 0x000001674e77cb10, 0x000001674e77db50,
0x0000016791655f10, 0x0000016791656930, 0x000001679165a3a0, 0x000001679165b1d0,
0x00000167916c6b30, 0x0000016737d50f00, 0x000001679198add0, 0x00000167961e3d60,
0x00000167961e29b0, 0x00000167961e36d0, 0x00000167961e43f0, 0x00000167961e57a0,
0x00000167961e5110, 0x0000016796d0c040, 0x0000016796d05dd0, 0x0000016796d0b320,
0x0000016796d08530, 0x0000016796d09f70, 0x0000016796d0a600, 0x0000016796d08bc0,
0x0000016796d06af0, 0x0000016796d0b9b0, 0x0000016796d07180, 0x0000016796d07810,
0x0000016796d0ac90, 0x0000016796d0c6d0, 0x0000016796d05740, 0x0000016796d07ea0,
0x0000016796d09250, 0x0000016796d098e0, 0x0000016796d0cd60, 0x00000167980b5420,
0x00000167980b67d0, 0x00000167980bbd20, 0x00000167980b88a0, 0x00000167980bb000,
0x00000167980b8f30, 0x00000167980bb690, 0x00000167980bc3b0, 0x00000167980bca40,
0x00000167980b6140, 0x00000167980b6e60, 0x00000167980b7b80, 0x00000167980ba2e0,
0x00000167980b8210, 0x00000167980ba970, 0x00000167980b95c0, 0x00000167961e2320,
0x00000167961e4a80, 0x0000016796ac17a0, 0x0000016796ac6660, 0x0000016796ac1e30,
0x0000016796ac31e0, 0x0000016796ac03f0, 0x0000016796ac3870, 0x0000016796ac3f00,
0x0000016796ac5940, 0x0000016796ac0a80, 0x0000016796ac24c0, 0x0000016796ac52b0,
0x0000016796ac4c20, 0x0000016796ac5fd0, 0x0000016796ac1110, 0x0000016796ac2b50,
0x0000016796ac6cf0, 0x0000016796ac7380, 0x0000016799568370, 0x0000016799567650,
0x000001679956df50, 0x000001679956b160, 0x0000016799568a00, 0x0000016799569720
}

Java Threads: ( => current thread )
  0x0000016737ce6a60 JavaThread "main"                              [_thread_blocked, id=9928, stack(0x00000056f2500000,0x00000056f2600000) (1024K)]
  0x00000167916544b0 JavaThread "Reference Handler"          daemon [_thread_blocked, id=11988, stack(0x00000056f2900000,0x00000056f2a00000) (1024K)]
  0x000001674e77cb10 JavaThread "Finalizer"                  daemon [_thread_blocked, id=29536, stack(0x00000056f2a00000,0x00000056f2b00000) (1024K)]
  0x000001674e77db50 JavaThread "Signal Dispatcher"          daemon [_thread_blocked, id=17312, stack(0x00000056f2b00000,0x00000056f2c00000) (1024K)]
  0x0000016791655f10 JavaThread "Attach Listener"            daemon [_thread_blocked, id=22840, stack(0x00000056f2c00000,0x00000056f2d00000) (1024K)]
  0x0000016791656930 JavaThread "Service Thread"             daemon [_thread_blocked, id=1992, stack(0x00000056f2d00000,0x00000056f2e00000) (1024K)]
  0x000001679165a3a0 JavaThread "Monitor Deflation Thread"   daemon [_thread_blocked, id=11276, stack(0x00000056f2e00000,0x00000056f2f00000) (1024K)]
=>0x000001679165b1d0 JavaThread "C2 CompilerThread0"         daemon [_thread_in_native, id=17756, stack(0x00000056f2f00000,0x00000056f3000000) (1024K)]
  0x00000167916c6b30 JavaThread "C1 CompilerThread0"         daemon [_thread_blocked, id=20484, stack(0x00000056f3000000,0x00000056f3100000) (1024K)]
  0x0000016737d50f00 JavaThread "Common-Cleaner"             daemon [_thread_blocked, id=11048, stack(0x00000056f3100000,0x00000056f3200000) (1024K)]
  0x000001679198add0 JavaThread "Notification Thread"        daemon [_thread_blocked, id=12916, stack(0x00000056f3200000,0x00000056f3300000) (1024K)]
  0x00000167961e3d60 JavaThread "Active Thread: Equinox Container: 7788cb5b-3d42-4d23-a092-108a2b124e83"        [_thread_blocked, id=16148, stack(0x00000056f3900000,0x00000056f3a00000) (1024K)]
  0x00000167961e29b0 JavaThread "Refresh Thread: Equinox Container: 7788cb5b-3d42-4d23-a092-108a2b124e83" daemon [_thread_blocked, id=19140, stack(0x00000056f3b00000,0x00000056f3c00000) (1024K)]
  0x00000167961e36d0 JavaThread "Framework Event Dispatcher: Equinox Container: 7788cb5b-3d42-4d23-a092-108a2b124e83" daemon [_thread_blocked, id=26600, stack(0x00000056f3c00000,0x00000056f3d00000) (1024K)]
  0x00000167961e43f0 JavaThread "Start Level: Equinox Container: 7788cb5b-3d42-4d23-a092-108a2b124e83" daemon [_thread_blocked, id=22072, stack(0x00000056f3d00000,0x00000056f3e00000) (1024K)]
  0x00000167961e57a0 JavaThread "Bundle File Closer"         daemon [_thread_blocked, id=16576, stack(0x00000056f4000000,0x00000056f4100000) (1024K)]
  0x00000167961e5110 JavaThread "SCR Component Actor"        daemon [_thread_blocked, id=3744, stack(0x00000056f4100000,0x00000056f4200000) (1024K)]
  0x0000016796d0c040 JavaThread "Worker-JM"                         [_thread_blocked, id=11172, stack(0x00000056f4300000,0x00000056f4400000) (1024K)]
  0x0000016796d05dd0 JavaThread "JNA Cleaner"                daemon [_thread_blocked, id=23712, stack(0x00000056f4400000,0x00000056f4500000) (1024K)]
  0x0000016796d0b320 JavaThread "Worker-0"                          [_thread_blocked, id=7684, stack(0x00000056f4500000,0x00000056f4600000) (1024K)]
  0x0000016796d08530 JavaThread "Worker-1: Initialize Workspace"        [_thread_blocked, id=23420, stack(0x00000056f4600000,0x00000056f4700000) (1024K)]
  0x0000016796d09f70 JavaThread "Worker-2"                          [_thread_blocked, id=10192, stack(0x00000056f4700000,0x00000056f4800000) (1024K)]
  0x0000016796d0a600 JavaThread "Java indexing"              daemon [_thread_blocked, id=9636, stack(0x00000056f4800000,0x00000056f4900000) (1024K)]
  0x0000016796d08bc0 JavaThread "Worker-3: Java indexing... "        [_thread_blocked, id=25396, stack(0x00000056f4b00000,0x00000056f4c00000) (1024K)]
  0x0000016796d06af0 JavaThread "Thread-2"                   daemon [_thread_in_native, id=1884, stack(0x00000056f4c00000,0x00000056f4d00000) (1024K)]
  0x0000016796d0b9b0 JavaThread "Thread-3"                   daemon [_thread_in_native, id=26436, stack(0x00000056f4d00000,0x00000056f4e00000) (1024K)]
  0x0000016796d07180 JavaThread "Thread-4"                   daemon [_thread_in_native, id=3276, stack(0x00000056f4e00000,0x00000056f4f00000) (1024K)]
  0x0000016796d07810 JavaThread "Thread-5"                   daemon [_thread_in_native, id=28140, stack(0x00000056f4f00000,0x00000056f5000000) (1024K)]
  0x0000016796d0ac90 JavaThread "Thread-6"                   daemon [_thread_in_native, id=7608, stack(0x00000056f5000000,0x00000056f5100000) (1024K)]
  0x0000016796d0c6d0 JavaThread "Thread-7"                   daemon [_thread_in_native, id=11280, stack(0x00000056f5100000,0x00000056f5200000) (1024K)]
  0x0000016796d05740 JavaThread "Thread-8"                   daemon [_thread_in_native, id=23260, stack(0x00000056f5200000,0x00000056f5300000) (1024K)]
  0x0000016796d07ea0 JavaThread "Thread-9"                   daemon [_thread_in_native, id=12872, stack(0x00000056f5300000,0x00000056f5400000) (1024K)]
  0x0000016796d09250 JavaThread "Thread-10"                  daemon [_thread_in_native, id=21780, stack(0x00000056f5400000,0x00000056f5500000) (1024K)]
  0x0000016796d098e0 JavaThread "Thread-11"                  daemon [_thread_in_native, id=27392, stack(0x00000056f5500000,0x00000056f5600000) (1024K)]
  0x0000016796d0cd60 JavaThread "Thread-12"                  daemon [_thread_in_native, id=14412, stack(0x00000056f5600000,0x00000056f5700000) (1024K)]
  0x00000167980b5420 JavaThread "Thread-13"                  daemon [_thread_in_native, id=19436, stack(0x00000056f5700000,0x00000056f5800000) (1024K)]
  0x00000167980b67d0 JavaThread "Thread-14"                  daemon [_thread_in_native, id=12280, stack(0x00000056f5800000,0x00000056f5900000) (1024K)]
  0x00000167980bbd20 JavaThread "pool-2-thread-1"                   [_thread_blocked, id=3436, stack(0x00000056f5900000,0x00000056f5a00000) (1024K)]
  0x00000167980b88a0 JavaThread "Worker-4"                          [_thread_blocked, id=13340, stack(0x00000056f5a00000,0x00000056f5b00000) (1024K)]
  0x00000167980bb000 JavaThread "Worker-5"                          [_thread_blocked, id=10720, stack(0x00000056f5b00000,0x00000056f5c00000) (1024K)]
  0x00000167980b8f30 JavaThread "Worker-6"                          [_thread_blocked, id=28980, stack(0x00000056f5c00000,0x00000056f5d00000) (1024K)]
  0x00000167980bb690 JavaThread "WorkspaceEventsHandler"            [_thread_blocked, id=9812, stack(0x00000056f5d00000,0x00000056f5e00000) (1024K)]
  0x00000167980bc3b0 JavaThread "pool-1-thread-1"                   [_thread_blocked, id=13984, stack(0x00000056f5e00000,0x00000056f5f00000) (1024K)]
  0x00000167980bca40 JavaThread "LocalFile Deleter"          daemon [_thread_blocked, id=19044, stack(0x00000056f2200000,0x00000056f2300000) (1024K)]
  0x00000167980b6140 JavaThread "LocalFile Deleter"          daemon [_thread_blocked, id=26352, stack(0x00000056f6000000,0x00000056f6100000) (1024K)]
  0x00000167980b6e60 JavaThread "LocalFile Deleter"          daemon [_thread_blocked, id=22696, stack(0x00000056f6100000,0x00000056f6200000) (1024K)]
  0x00000167980b7b80 JavaThread "LocalFile Deleter"          daemon [_thread_blocked, id=9316, stack(0x00000056f6200000,0x00000056f6300000) (1024K)]
  0x00000167980ba2e0 JavaThread "LocalFile Deleter"          daemon [_thread_blocked, id=18408, stack(0x00000056f6300000,0x00000056f6400000) (1024K)]
  0x00000167980b8210 JavaThread "LocalFile Deleter"          daemon [_thread_blocked, id=25732, stack(0x00000056f6400000,0x00000056f6500000) (1024K)]
  0x00000167980ba970 JavaThread "LocalFile Deleter"          daemon [_thread_blocked, id=18780, stack(0x00000056f6500000,0x00000056f6600000) (1024K)]
  0x00000167980b95c0 JavaThread "LocalFile Deleter"          daemon [_thread_blocked, id=27012, stack(0x00000056f6600000,0x00000056f6700000) (1024K)]
  0x00000167961e2320 JavaThread "LocalFile Deleter"          daemon [_thread_blocked, id=17868, stack(0x00000056f6700000,0x00000056f6800000) (1024K)]
  0x00000167961e4a80 JavaThread "LocalFile Deleter"          daemon [_thread_blocked, id=9040, stack(0x00000056f6800000,0x00000056f6900000) (1024K)]
  0x0000016796ac17a0 JavaThread "LocalFile Deleter"          daemon [_thread_blocked, id=11928, stack(0x00000056f6900000,0x00000056f6a00000) (1024K)]
  0x0000016796ac6660 JavaThread "Compiler Source File Reader" daemon [_thread_blocked, id=18984, stack(0x00000056f6a00000,0x00000056f6b00000) (1024K)]
  0x0000016796ac1e30 JavaThread "Compiler Source File Reader" daemon [_thread_blocked, id=20564, stack(0x00000056f6b00000,0x00000056f6c00000) (1024K)]
  0x0000016796ac31e0 JavaThread "Compiler Source File Reader" daemon [_thread_blocked, id=10756, stack(0x00000056f6c00000,0x00000056f6d00000) (1024K)]
  0x0000016796ac03f0 JavaThread "Compiler Source File Reader" daemon [_thread_blocked, id=15964, stack(0x00000056f6d00000,0x00000056f6e00000) (1024K)]
  0x0000016796ac3870 JavaThread "Compiler Source File Reader" daemon [_thread_blocked, id=14096, stack(0x00000056f6e00000,0x00000056f6f00000) (1024K)]
  0x0000016796ac3f00 JavaThread "Compiler Source File Reader" daemon [_thread_blocked, id=11288, stack(0x00000056f6f00000,0x00000056f7000000) (1024K)]
  0x0000016796ac5940 JavaThread "Compiler Source File Reader" daemon [_thread_blocked, id=19224, stack(0x00000056f7000000,0x00000056f7100000) (1024K)]
  0x0000016796ac0a80 JavaThread "Compiler Source File Reader" daemon [_thread_blocked, id=19384, stack(0x00000056f7100000,0x00000056f7200000) (1024K)]
  0x0000016796ac24c0 JavaThread "Compiler Source File Reader" daemon [_thread_blocked, id=3252, stack(0x00000056f7200000,0x00000056f7300000) (1024K)]
  0x0000016796ac52b0 JavaThread "Compiler Source File Reader" daemon [_thread_blocked, id=29624, stack(0x00000056f7300000,0x00000056f7400000) (1024K)]
  0x0000016796ac4c20 JavaThread "Compiler Class File Writer" daemon [_thread_blocked, id=25720, stack(0x00000056f7500000,0x00000056f7600000) (1024K)]
  0x0000016796ac5fd0 JavaThread "Compiler Class File Writer" daemon [_thread_blocked, id=4124, stack(0x00000056f7600000,0x00000056f7700000) (1024K)]
  0x0000016796ac1110 JavaThread "Compiler Class File Writer" daemon [_thread_blocked, id=21624, stack(0x00000056f7700000,0x00000056f7800000) (1024K)]
  0x0000016796ac2b50 JavaThread "Compiler Class File Writer" daemon [_thread_blocked, id=4192, stack(0x00000056f7800000,0x00000056f7900000) (1024K)]
  0x0000016796ac6cf0 JavaThread "Compiler Class File Writer" daemon [_thread_blocked, id=6548, stack(0x00000056f7900000,0x00000056f7a00000) (1024K)]
  0x0000016796ac7380 JavaThread "Compiler Class File Writer" daemon [_thread_blocked, id=8536, stack(0x00000056f7a00000,0x00000056f7b00000) (1024K)]
  0x0000016799568370 JavaThread "Compiler Class File Writer" daemon [_thread_blocked, id=23332, stack(0x00000056f7b00000,0x00000056f7c00000) (1024K)]
  0x0000016799567650 JavaThread "Compiler Class File Writer" daemon [_thread_blocked, id=24484, stack(0x00000056f7c00000,0x00000056f7d00000) (1024K)]
  0x000001679956df50 JavaThread "Compiler Class File Writer" daemon [_thread_blocked, id=10092, stack(0x00000056f7d00000,0x00000056f7e00000) (1024K)]
  0x000001679956b160 JavaThread "Compiler Class File Writer" daemon [_thread_blocked, id=10568, stack(0x00000056f7e00000,0x00000056f7f00000) (1024K)]
  0x0000016799568a00 JavaThread "Timer-0"                           [_thread_blocked, id=24000, stack(0x00000056f2300000,0x00000056f2400000) (1024K)]
  0x0000016799569720 JavaThread "Connection worker"                 [_thread_in_native, id=20848, stack(0x00000056f2400000,0x00000056f2500000) (1024K)]
Total: 76

Other Threads:
  0x000001674e7630a0 VMThread "VM Thread"                           [id=5008, stack(0x00000056f2800000,0x00000056f2900000) (1024K)]
  0x000001674e65ca00 WatcherThread "VM Periodic Task Thread"        [id=15792, stack(0x00000056f2700000,0x00000056f2800000) (1024K)]
  0x0000016737d03dc0 WorkerThread "GC Thread#0"                     [id=22360, stack(0x00000056f2600000,0x00000056f2700000) (1024K)]
  0x0000016796223860 WorkerThread "GC Thread#1"                     [id=25932, stack(0x00000056f3300000,0x00000056f3400000) (1024K)]
  0x0000016796223c00 WorkerThread "GC Thread#2"                     [id=24888, stack(0x00000056f3400000,0x00000056f3500000) (1024K)]
  0x0000016796223fa0 WorkerThread "GC Thread#3"                     [id=2128, stack(0x00000056f3500000,0x00000056f3600000) (1024K)]
  0x000001679646ee70 WorkerThread "GC Thread#4"                     [id=13972, stack(0x00000056f3600000,0x00000056f3700000) (1024K)]
  0x000001679646f210 WorkerThread "GC Thread#5"                     [id=26096, stack(0x00000056f3700000,0x00000056f3800000) (1024K)]
  0x000001679646f5b0 WorkerThread "GC Thread#6"                     [id=15920, stack(0x00000056f3800000,0x00000056f3900000) (1024K)]
  0x0000016791687310 WorkerThread "GC Thread#7"                     [id=5148, stack(0x00000056f3a00000,0x00000056f3b00000) (1024K)]
  0x0000016791904850 WorkerThread "GC Thread#8"                     [id=9968, stack(0x00000056f3e00000,0x00000056f3f00000) (1024K)]
  0x00000167968f4c10 WorkerThread "GC Thread#9"                     [id=18660, stack(0x00000056f3f00000,0x00000056f4000000) (1024K)]
Total: 12

Threads with active compile tasks:
C2 CompilerThread0  121482 13310       4       org.eclipse.jdt.internal.compiler.parser.Scanner::internalScanIdentifierOrKeyword (5041 bytes)
Total: 1

VM state: at safepoint (normal execution)

VM Mutex/Monitor currently owned by a thread:  ([mutex/lock_event])
[0x00007ff833b9e308] Threads_lock - owner thread: 0x000001674e7630a0
[0x00007ff833b9e408] Heap_lock - owner thread: 0x0000016796d0a600

Heap address: 0x0000000080000000, size: 2048 MB, Compressed Oops mode: 32-bit

CDS archive(s) mapped at: [0x000001674f000000-0x000001674fba0000-0x000001674fba0000), size 12189696, SharedBaseAddress: 0x000001674f000000, ArchiveRelocationMode: 1.
Compressed class space mapped at: 0x0000016750000000-0x0000016790000000, reserved size: 1073741824
Narrow klass base: 0x000001674f000000, Narrow klass shift: 0, Narrow klass range: 0x100000000

GC Precious Log:
 CardTable entry size: 512
 CPUs: 12 total, 12 available
 Memory: 7824M
 Large Page Support: Disabled
 NUMA Support: Disabled
 Compressed Oops: Enabled (32-bit)
 Alignments: Space 512K, Generation 512K, Heap 2M
 Heap Min Capacity: 100M
 Heap Initial Capacity: 100M
 Heap Max Capacity: 2G
 Pre-touch: Disabled
 Parallel Workers: 10

Heap:
 PSYoungGen      total 11264K, used 11040K [0x00000000d5580000, 0x00000000d6200000, 0x0000000100000000)
  eden space 9728K, 100% used [0x00000000d5580000,0x00000000d5f00000,0x00000000d5f00000)
  from space 1536K, 85% used [0x00000000d5f00000,0x00000000d6048000,0x00000000d6080000)
  to   space 1536K, 89% used [0x00000000d6080000,0x00000000d61d8000,0x00000000d6200000)
 ParOldGen       total 815616K, used 815421K [0x0000000080000000, 0x00000000b1c80000, 0x00000000d5580000)
  object space 815616K, 99% used [0x0000000080000000,0x00000000b1c4f600,0x00000000b1c80000)
 Metaspace       used 68990K, committed 70336K, reserved 1114112K
  class space    used 7245K, committed 7872K, reserved 1048576K

Card table byte_map: [0x00000167376a0000,0x0000016737ab0000] _byte_map_base: 0x00000167372a0000

Marking Bits: (ParMarkBitMap*) 0x00007ff833ba31f0
 Begin Bits: [0x000001674a180000, 0x000001674c180000)
 End Bits:   [0x000001674c180000, 0x000001674e180000)

Polling page: 0x0000016735ce0000

Metaspace:

Usage:
  Non-class:     60.30 MB used.
      Class:      7.08 MB used.
       Both:     67.37 MB used.

Virtual space:
  Non-class space:       64.00 MB reserved,      61.00 MB ( 95%) committed,  1 nodes.
      Class space:        1.00 GB reserved,       7.69 MB ( <1%) committed,  1 nodes.
             Both:        1.06 GB reserved,      68.69 MB (  6%) committed. 

Chunk freelists:
   Non-Class:  2.88 MB
       Class:  8.34 MB
        Both:  11.22 MB

MaxMetaspaceSize: unlimited
CompressedClassSpaceSize: 1.00 GB
Initial GC threshold: 21.00 MB
Current GC threshold: 97.31 MB
CDS: on
 - commit_granule_bytes: 65536.
 - commit_granule_words: 8192.
 - virtual_space_node_default_size: 8388608.
 - enlarge_chunks_in_place: 1.
 - use_allocation_guard: 0.


Internal statistics:

num_allocs_failed_limit: 9.
num_arena_births: 1138.
num_arena_deaths: 26.
num_vsnodes_births: 2.
num_vsnodes_deaths: 0.
num_space_committed: 1099.
num_space_uncommitted: 0.
num_chunks_returned_to_freelist: 37.
num_chunks_taken_from_freelist: 4015.
num_chunk_merges: 7.
num_chunk_splits: 2577.
num_chunks_enlarged: 1657.
num_inconsistent_stats: 0.

CodeHeap 'non-profiled nmethods': size=120000Kb used=9971Kb max_used=9971Kb free=110028Kb
 bounds [0x00000167429a0000, 0x0000016743360000, 0x0000016749ed0000]
CodeHeap 'profiled nmethods': size=120000Kb used=30118Kb max_used=30118Kb free=89881Kb
 bounds [0x000001673aed0000, 0x000001673cc40000, 0x0000016742400000]
CodeHeap 'non-nmethods': size=5760Kb used=1461Kb max_used=1522Kb free=4298Kb
 bounds [0x0000016742400000, 0x0000016742670000, 0x00000167429a0000]
 total_blobs=13330 nmethods=12552 adapters=682
 compilation: enabled
              stopped_count=0, restarted_count=0
 full_count=0

Compilation events (20 events):
Event: 108.166 Thread 0x000001679165b1d0 nmethod 13300 0x0000016743342790 code [0x0000016743342940, 0x0000016743342b40]
Event: 108.293 Thread 0x000001679165b1d0 13301   !   4       org.eclipse.jdt.internal.core.search.indexing.AddJarFileToIndex::execute (1557 bytes)
Event: 108.578 Thread 0x000001679165b1d0 nmethod 13301 0x0000016743342d10 code [0x0000016743343b40, 0x000001674334e800]
Event: 110.868 Thread 0x000001679165b1d0 13302       4       java.io.File::<init> (111 bytes)
Event: 110.873 Thread 0x000001679165b1d0 nmethod 13302 0x0000016743357290 code [0x00000167433574a0, 0x00000167433579a0]
Event: 110.876 Thread 0x00000167916c6b30 13303       3       org.eclipse.jdt.internal.compiler.parser.Scanner::internalScanIdentifierOrKeyword (5041 bytes)
Event: 110.882 Thread 0x00000167916c6b30 nmethod 13303 0x000001673cc1d290 code [0x000001673cc1e200, 0x000001673cc29318]
Event: 110.989 Thread 0x000001679165b1d0 13304       4       org.eclipse.jdt.internal.compiler.parser.Scanner::internalScanIdentifierOrKeyword (5041 bytes)
Event: 111.055 Thread 0x000001679165b1d0 nmethod 13304 0x0000016743357e90 code [0x0000016743358520, 0x000001674335b328]
Event: 112.542 Thread 0x000001679165b1d0 13305       4       java.util.stream.Collectors$CollectorImpl::<init> (13 bytes)
Event: 112.543 Thread 0x000001679165b1d0 nmethod 13305 0x000001674335c510 code [0x000001674335c6a0, 0x000001674335c760]
Event: 114.161 Thread 0x00000167916c6b30 13306       1       org.gradle.internal.classpath.DefaultClassPath::getAsFiles (5 bytes)
Event: 114.161 Thread 0x00000167916c6b30 nmethod 13306 0x000001674335c810 code [0x000001674335c9a0, 0x000001674335ca68]
Event: 114.161 Thread 0x00000167916c6b30 13308       3       org.gradle.internal.classpath.DefaultClassPath::isEmpty (8 bytes)
Event: 114.161 Thread 0x00000167916c6b30 nmethod 13308 0x000001673cc2b490 code [0x000001673cc2b640, 0x000001673cc2b8a0]
Event: 114.161 Thread 0x00000167916c6b30 13307       1       org.gradle.api.internal.classpath.DefaultModuleRegistry$DefaultModule::getClasspath (5 bytes)
Event: 114.161 Thread 0x00000167916c6b30 nmethod 13307 0x000001674335cb10 code [0x000001674335cca0, 0x000001674335cd68]
Event: 121.284 Thread 0x00000167916c6b30 13309       3       org.eclipse.jdt.internal.compiler.parser.Scanner::internalScanIdentifierOrKeyword (5041 bytes)
Event: 121.318 Thread 0x00000167916c6b30 nmethod 13309 0x000001673cc2b990 code [0x000001673cc2c900, 0x000001673cc37a18]
Event: 121.384 Thread 0x000001679165b1d0 13310       4       org.eclipse.jdt.internal.compiler.parser.Scanner::internalScanIdentifierOrKeyword (5041 bytes)

GC Heap History (20 events):
Event: 118.195 GC heap before
{Heap before GC invocations=1805 (full 3):
 PSYoungGen      total 12288K, used 12224K [0x00000000d5580000, 0x00000000d6280000, 0x0000000100000000)
  eden space 11264K, 100% used [0x00000000d5580000,0x00000000d6080000,0x00000000d6080000)
  from space 1024K, 93% used [0x00000000d6080000,0x00000000d6170000,0x00000000d6180000)
  to   space 1024K, 0% used [0x00000000d6180000,0x00000000d6180000,0x00000000d6280000)
 ParOldGen       total 804352K, used 803981K [0x0000000080000000, 0x00000000b1180000, 0x00000000d5580000)
  object space 804352K, 99% used [0x0000000080000000,0x00000000b1123600,0x00000000b1180000)
 Metaspace       used 68990K, committed 70336K, reserved 1114112K
  class space    used 7245K, committed 7872K, reserved 1048576K
}
Event: 118.199 GC heap after
{Heap after GC invocations=1805 (full 3):
 PSYoungGen      total 10752K, used 1024K [0x00000000d5580000, 0x00000000d6580000, 0x0000000100000000)
  eden space 9728K, 0% used [0x00000000d5580000,0x00000000d5580000,0x00000000d5f00000)
  from space 1024K, 100% used [0x00000000d6180000,0x00000000d6280000,0x00000000d6280000)
  to   space 2560K, 0% used [0x00000000d5f00000,0x00000000d5f00000,0x00000000d6180000)
 ParOldGen       total 805376K, used 804925K [0x0000000080000000, 0x00000000b1280000, 0x00000000d5580000)
  object space 805376K, 99% used [0x0000000080000000,0x00000000b120f600,0x00000000b1280000)
 Metaspace       used 68990K, committed 70336K, reserved 1114112K
  class space    used 7245K, committed 7872K, reserved 1048576K
}
Event: 118.953 GC heap before
{Heap before GC invocations=1806 (full 3):
 PSYoungGen      total 10752K, used 10752K [0x00000000d5580000, 0x00000000d6580000, 0x0000000100000000)
  eden space 9728K, 100% used [0x00000000d5580000,0x00000000d5f00000,0x00000000d5f00000)
  from space 1024K, 100% used [0x00000000d6180000,0x00000000d6280000,0x00000000d6280000)
  to   space 2560K, 0% used [0x00000000d5f00000,0x00000000d5f00000,0x00000000d6180000)
 ParOldGen       total 805376K, used 804925K [0x0000000080000000, 0x00000000b1280000, 0x00000000d5580000)
  object space 805376K, 99% used [0x0000000080000000,0x00000000b120f600,0x00000000b1280000)
 Metaspace       used 68990K, committed 70336K, reserved 1114112K
  class space    used 7245K, committed 7872K, reserved 1048576K
}
Event: 118.957 GC heap after
{Heap after GC invocations=1806 (full 3):
 PSYoungGen      total 10752K, used 960K [0x00000000d5580000, 0x00000000d6200000, 0x0000000100000000)
  eden space 9728K, 0% used [0x00000000d5580000,0x00000000d5580000,0x00000000d5f00000)
  from space 1024K, 93% used [0x00000000d5f00000,0x00000000d5ff0000,0x00000000d6000000)
  to   space 1536K, 0% used [0x00000000d6080000,0x00000000d6080000,0x00000000d6200000)
 ParOldGen       total 806400K, used 805893K [0x0000000080000000, 0x00000000b1380000, 0x00000000d5580000)
  object space 806400K, 99% used [0x0000000080000000,0x00000000b1301600,0x00000000b1380000)
 Metaspace       used 68990K, committed 70336K, reserved 1114112K
  class space    used 7245K, committed 7872K, reserved 1048576K
}
Event: 119.665 GC heap before
{Heap before GC invocations=1807 (full 3):
 PSYoungGen      total 10752K, used 10688K [0x00000000d5580000, 0x00000000d6200000, 0x0000000100000000)
  eden space 9728K, 100% used [0x00000000d5580000,0x00000000d5f00000,0x00000000d5f00000)
  from space 1024K, 93% used [0x00000000d5f00000,0x00000000d5ff0000,0x00000000d6000000)
  to   space 1536K, 0% used [0x00000000d6080000,0x00000000d6080000,0x00000000d6200000)
 ParOldGen       total 806400K, used 805893K [0x0000000080000000, 0x00000000b1380000, 0x00000000d5580000)
  object space 806400K, 99% used [0x0000000080000000,0x00000000b1301600,0x00000000b1380000)
 Metaspace       used 68990K, committed 70336K, reserved 1114112K
  class space    used 7245K, committed 7872K, reserved 1048576K
}
Event: 119.668 GC heap after
{Heap after GC invocations=1807 (full 3):
 PSYoungGen      total 11264K, used 1216K [0x00000000d5580000, 0x00000000d6200000, 0x0000000100000000)
  eden space 9728K, 0% used [0x00000000d5580000,0x00000000d5580000,0x00000000d5f00000)
  from space 1536K, 79% used [0x00000000d6080000,0x00000000d61b0000,0x00000000d6200000)
  to   space 1536K, 0% used [0x00000000d5f00000,0x00000000d5f00000,0x00000000d6080000)
 ParOldGen       total 806912K, used 806653K [0x0000000080000000, 0x00000000b1400000, 0x00000000d5580000)
  object space 806912K, 99% used [0x0000000080000000,0x00000000b13bf600,0x00000000b1400000)
 Metaspace       used 68990K, committed 70336K, reserved 1114112K
  class space    used 7245K, committed 7872K, reserved 1048576K
}
Event: 120.276 GC heap before
{Heap before GC invocations=1808 (full 3):
 PSYoungGen      total 11264K, used 10940K [0x00000000d5580000, 0x00000000d6200000, 0x0000000100000000)
  eden space 9728K, 99% used [0x00000000d5580000,0x00000000d5eff2d8,0x00000000d5f00000)
  from space 1536K, 79% used [0x00000000d6080000,0x00000000d61b0000,0x00000000d6200000)
  to   space 1536K, 0% used [0x00000000d5f00000,0x00000000d5f00000,0x00000000d6080000)
 ParOldGen       total 806912K, used 806653K [0x0000000080000000, 0x00000000b1400000, 0x00000000d5580000)
  object space 806912K, 99% used [0x0000000080000000,0x00000000b13bf600,0x00000000b1400000)
 Metaspace       used 68990K, committed 70336K, reserved 1114112K
  class space    used 7245K, committed 7872K, reserved 1048576K
}
Event: 120.279 GC heap after
{Heap after GC invocations=1808 (full 3):
 PSYoungGen      total 11264K, used 1216K [0x00000000d5580000, 0x00000000d6200000, 0x0000000100000000)
  eden space 9728K, 0% used [0x00000000d5580000,0x00000000d5580000,0x00000000d5f00000)
  from space 1536K, 79% used [0x00000000d5f00000,0x00000000d6030000,0x00000000d6080000)
  to   space 1536K, 0% used [0x00000000d6080000,0x00000000d6080000,0x00000000d6200000)
 ParOldGen       total 807936K, used 807685K [0x0000000080000000, 0x00000000b1500000, 0x00000000d5580000)
  object space 807936K, 99% used [0x0000000080000000,0x00000000b14c1600,0x00000000b1500000)
 Metaspace       used 68990K, committed 70336K, reserved 1114112K
  class space    used 7245K, committed 7872K, reserved 1048576K
}
Event: 121.024 GC heap before
{Heap before GC invocations=1809 (full 3):
 PSYoungGen      total 11264K, used 10944K [0x00000000d5580000, 0x00000000d6200000, 0x0000000100000000)
  eden space 9728K, 100% used [0x00000000d5580000,0x00000000d5f00000,0x00000000d5f00000)
  from space 1536K, 79% used [0x00000000d5f00000,0x00000000d6030000,0x00000000d6080000)
  to   space 1536K, 0% used [0x00000000d6080000,0x00000000d6080000,0x00000000d6200000)
 ParOldGen       total 807936K, used 807685K [0x0000000080000000, 0x00000000b1500000, 0x00000000d5580000)
  object space 807936K, 99% used [0x0000000080000000,0x00000000b14c1600,0x00000000b1500000)
 Metaspace       used 68990K, committed 70336K, reserved 1114112K
  class space    used 7245K, committed 7872K, reserved 1048576K
}
Event: 121.030 GC heap after
{Heap after GC invocations=1809 (full 3):
 PSYoungGen      total 11264K, used 1216K [0x00000000d5580000, 0x00000000d6200000, 0x0000000100000000)
  eden space 9728K, 0% used [0x00000000d5580000,0x00000000d5580000,0x00000000d5f00000)
  from space 1536K, 79% used [0x00000000d6080000,0x00000000d61b0000,0x00000000d6200000)
  to   space 1536K, 0% used [0x00000000d5f00000,0x00000000d5f00000,0x00000000d6080000)
 ParOldGen       total 808960K, used 808781K [0x0000000080000000, 0x00000000b1600000, 0x00000000d5580000)
  object space 808960K, 99% used [0x0000000080000000,0x00000000b15d3600,0x00000000b1600000)
 Metaspace       used 68990K, committed 70336K, reserved 1114112K
  class space    used 7245K, committed 7872K, reserved 1048576K
}
Event: 121.200 GC heap before
{Heap before GC invocations=1810 (full 3):
 PSYoungGen      total 11264K, used 10942K [0x00000000d5580000, 0x00000000d6200000, 0x0000000100000000)
  eden space 9728K, 99% used [0x00000000d5580000,0x00000000d5effb18,0x00000000d5f00000)
  from space 1536K, 79% used [0x00000000d6080000,0x00000000d61b0000,0x00000000d6200000)
  to   space 1536K, 0% used [0x00000000d5f00000,0x00000000d5f00000,0x00000000d6080000)
 ParOldGen       total 808960K, used 808781K [0x0000000080000000, 0x00000000b1600000, 0x00000000d5580000)
  object space 808960K, 99% used [0x0000000080000000,0x00000000b15d3600,0x00000000b1600000)
 Metaspace       used 68990K, committed 70336K, reserved 1114112K
  class space    used 7245K, committed 7872K, reserved 1048576K
}
Event: 121.223 GC heap after
{Heap after GC invocations=1810 (full 3):
 PSYoungGen      total 11264K, used 1280K [0x00000000d5580000, 0x00000000d6200000, 0x0000000100000000)
  eden space 9728K, 0% used [0x00000000d5580000,0x00000000d5580000,0x00000000d5f00000)
  from space 1536K, 83% used [0x00000000d5f00000,0x00000000d6040000,0x00000000d6080000)
  to   space 1536K, 0% used [0x00000000d6080000,0x00000000d6080000,0x00000000d6200000)
 ParOldGen       total 809984K, used 809885K [0x0000000080000000, 0x00000000b1700000, 0x00000000d5580000)
  object space 809984K, 99% used [0x0000000080000000,0x00000000b16e7600,0x00000000b1700000)
 Metaspace       used 68990K, committed 70336K, reserved 1114112K
  class space    used 7245K, committed 7872K, reserved 1048576K
}
Event: 121.322 GC heap before
{Heap before GC invocations=1811 (full 3):
 PSYoungGen      total 11264K, used 11008K [0x00000000d5580000, 0x00000000d6200000, 0x0000000100000000)
  eden space 9728K, 100% used [0x00000000d5580000,0x00000000d5f00000,0x00000000d5f00000)
  from space 1536K, 83% used [0x00000000d5f00000,0x00000000d6040000,0x00000000d6080000)
  to   space 1536K, 0% used [0x00000000d6080000,0x00000000d6080000,0x00000000d6200000)
 ParOldGen       total 809984K, used 809885K [0x0000000080000000, 0x00000000b1700000, 0x00000000d5580000)
  object space 809984K, 99% used [0x0000000080000000,0x00000000b16e7600,0x00000000b1700000)
 Metaspace       used 68990K, committed 70336K, reserved 1114112K
  class space    used 7245K, committed 7872K, reserved 1048576K
}
Event: 121.326 GC heap after
{Heap after GC invocations=1811 (full 3):
 PSYoungGen      total 11264K, used 1280K [0x00000000d5580000, 0x00000000d6200000, 0x0000000100000000)
  eden space 9728K, 0% used [0x00000000d5580000,0x00000000d5580000,0x00000000d5f00000)
  from space 1536K, 83% used [0x00000000d6080000,0x00000000d61c0000,0x00000000d6200000)
  to   space 1536K, 0% used [0x00000000d5f00000,0x00000000d5f00000,0x00000000d6080000)
 ParOldGen       total 811008K, used 810957K [0x0000000080000000, 0x00000000b1800000, 0x00000000d5580000)
  object space 811008K, 99% used [0x0000000080000000,0x00000000b17f3600,0x00000000b1800000)
 Metaspace       used 68990K, committed 70336K, reserved 1114112K
  class space    used 7245K, committed 7872K, reserved 1048576K
}
Event: 121.351 GC heap before
{Heap before GC invocations=1812 (full 3):
 PSYoungGen      total 11264K, used 11008K [0x00000000d5580000, 0x00000000d6200000, 0x0000000100000000)
  eden space 9728K, 100% used [0x00000000d5580000,0x00000000d5f00000,0x00000000d5f00000)
  from space 1536K, 83% used [0x00000000d6080000,0x00000000d61c0000,0x00000000d6200000)
  to   space 1536K, 0% used [0x00000000d5f00000,0x00000000d5f00000,0x00000000d6080000)
 ParOldGen       total 811008K, used 810957K [0x0000000080000000, 0x00000000b1800000, 0x00000000d5580000)
  object space 811008K, 99% used [0x0000000080000000,0x00000000b17f3600,0x00000000b1800000)
 Metaspace       used 68990K, committed 70336K, reserved 1114112K
  class space    used 7245K, committed 7872K, reserved 1048576K
}
Event: 121.354 GC heap after
{Heap after GC invocations=1812 (full 3):
 PSYoungGen      total 11264K, used 1408K [0x00000000d5580000, 0x00000000d6200000, 0x0000000100000000)
  eden space 9728K, 0% used [0x00000000d5580000,0x00000000d5580000,0x00000000d5f00000)
  from space 1536K, 91% used [0x00000000d5f00000,0x00000000d6060000,0x00000000d6080000)
  to   space 1536K, 0% used [0x00000000d6080000,0x00000000d6080000,0x00000000d6200000)
 ParOldGen       total 812544K, used 812053K [0x0000000080000000, 0x00000000b1980000, 0x00000000d5580000)
  object space 812544K, 99% used [0x0000000080000000,0x00000000b1905600,0x00000000b1980000)
 Metaspace       used 68990K, committed 70336K, reserved 1114112K
  class space    used 7245K, committed 7872K, reserved 1048576K
}
Event: 121.374 GC heap before
{Heap before GC invocations=1813 (full 3):
 PSYoungGen      total 11264K, used 11136K [0x00000000d5580000, 0x00000000d6200000, 0x0000000100000000)
  eden space 9728K, 100% used [0x00000000d5580000,0x00000000d5f00000,0x00000000d5f00000)
  from space 1536K, 91% used [0x00000000d5f00000,0x00000000d6060000,0x00000000d6080000)
  to   space 1536K, 0% used [0x00000000d6080000,0x00000000d6080000,0x00000000d6200000)
 ParOldGen       total 812544K, used 812053K [0x0000000080000000, 0x00000000b1980000, 0x00000000d5580000)
  object space 812544K, 99% used [0x0000000080000000,0x00000000b1905600,0x00000000b1980000)
 Metaspace       used 68990K, committed 70336K, reserved 1114112K
  class space    used 7245K, committed 7872K, reserved 1048576K
}
Event: 121.377 GC heap after
{Heap after GC invocations=1813 (full 3):
 PSYoungGen      total 11264K, used 1363K [0x00000000d5580000, 0x00000000d6200000, 0x0000000100000000)
  eden space 9728K, 0% used [0x00000000d5580000,0x00000000d5580000,0x00000000d5f00000)
  from space 1536K, 88% used [0x00000000d6080000,0x00000000d61d4ce0,0x00000000d6200000)
  to   space 1536K, 0% used [0x00000000d5f00000,0x00000000d5f00000,0x00000000d6080000)
 ParOldGen       total 813568K, used 813269K [0x0000000080000000, 0x00000000b1a80000, 0x00000000d5580000)
  object space 813568K, 99% used [0x0000000080000000,0x00000000b1a35600,0x00000000b1a80000)
 Metaspace       used 68990K, committed 70336K, reserved 1114112K
  class space    used 7245K, committed 7872K, reserved 1048576K
}
Event: 121.403 GC heap before
{Heap before GC invocations=1814 (full 3):
 PSYoungGen      total 11264K, used 11091K [0x00000000d5580000, 0x00000000d6200000, 0x0000000100000000)
  eden space 9728K, 100% used [0x00000000d5580000,0x00000000d5f00000,0x00000000d5f00000)
  from space 1536K, 88% used [0x00000000d6080000,0x00000000d61d4ce0,0x00000000d6200000)
  to   space 1536K, 0% used [0x00000000d5f00000,0x00000000d5f00000,0x00000000d6080000)
 ParOldGen       total 813568K, used 813269K [0x0000000080000000, 0x00000000b1a80000, 0x00000000d5580000)
  object space 813568K, 99% used [0x0000000080000000,0x00000000b1a35600,0x00000000b1a80000)
 Metaspace       used 68990K, committed 70336K, reserved 1114112K
  class space    used 7245K, committed 7872K, reserved 1048576K
}
Event: 121.406 GC heap after
{Heap after GC invocations=1814 (full 3):
 PSYoungGen      total 11264K, used 1312K [0x00000000d5580000, 0x00000000d6200000, 0x0000000100000000)
  eden space 9728K, 0% used [0x00000000d5580000,0x00000000d5580000,0x00000000d5f00000)
  from space 1536K, 85% used [0x00000000d5f00000,0x00000000d6048000,0x00000000d6080000)
  to   space 1536K, 0% used [0x00000000d6080000,0x00000000d6080000,0x00000000d6200000)
 ParOldGen       total 814592K, used 814405K [0x0000000080000000, 0x00000000b1b80000, 0x00000000d5580000)
  object space 814592K, 99% used [0x0000000080000000,0x00000000b1b51600,0x00000000b1b80000)
 Metaspace       used 68990K, committed 70336K, reserved 1114112K
  class space    used 7245K, committed 7872K, reserved 1048576K
}

Dll operation events (13 events):
Event: 0.043 Loaded shared library c:\Users\Admin\.vscode\extensions\redhat.java-1.43.1-win32-x64\jre\21.0.7-win32-x86_64\bin\java.dll
Event: 0.313 Loaded shared library c:\Users\Admin\.vscode\extensions\redhat.java-1.43.1-win32-x64\jre\21.0.7-win32-x86_64\bin\zip.dll
Event: 0.353 Loaded shared library C:\Users\Admin\.vscode\extensions\redhat.java-1.43.1-win32-x64\jre\21.0.7-win32-x86_64\bin\instrument.dll
Event: 0.364 Loaded shared library C:\Users\Admin\.vscode\extensions\redhat.java-1.43.1-win32-x64\jre\21.0.7-win32-x86_64\bin\net.dll
Event: 0.368 Loaded shared library C:\Users\Admin\.vscode\extensions\redhat.java-1.43.1-win32-x64\jre\21.0.7-win32-x86_64\bin\nio.dll
Event: 0.375 Loaded shared library C:\Users\Admin\.vscode\extensions\redhat.java-1.43.1-win32-x64\jre\21.0.7-win32-x86_64\bin\zip.dll
Event: 0.413 Loaded shared library C:\Users\Admin\.vscode\extensions\redhat.java-1.43.1-win32-x64\jre\21.0.7-win32-x86_64\bin\jimage.dll
Event: 0.655 Loaded shared library c:\Users\Admin\.vscode\extensions\redhat.java-1.43.1-win32-x64\jre\21.0.7-win32-x86_64\bin\verify.dll
Event: 9.294 Loaded shared library C:\Users\Admin\AppData\Roaming\Code\User\globalStorage\redhat.java\1.43.1\config_win\org.eclipse.equinox.launcher\org.eclipse.equinox.launcher.win32.win32.x86_64_1.2.1300.v20250331-1702\eclipse_11911.dll
Event: 22.346 Loaded shared library C:\Users\Admin\AppData\Local\Temp\jna-63116079\jna16857453484300422185.dll
Event: 24.015 Loaded shared library C:\Users\Admin\.vscode\extensions\redhat.java-1.43.1-win32-x64\jre\21.0.7-win32-x86_64\bin\sunmscapi.dll
Event: 24.541 Loaded shared library C:\Users\Admin\.vscode\extensions\redhat.java-1.43.1-win32-x64\jre\21.0.7-win32-x86_64\bin\extnet.dll
Event: 96.888 Loaded shared library C:\Users\Admin\.gradle\native\1def1411415f61bf3af743bc5b6707747c0891f09f0c88961ee8f79bc544acac\windows-amd64\native-platform.dll

Deoptimization events (20 events):
Event: 105.659 Thread 0x0000016796d0a600 DEOPT PACKING pc=0x00000167432c32cc sp=0x00000056f48ff030
Event: 105.659 Thread 0x0000016796d0a600 DEOPT UNPACKING pc=0x0000016742453aa2 sp=0x00000056f48fef78 mode 2
Event: 106.791 Thread 0x0000016796d0a600 Uncommon trap: trap_request=0xffffff45 fr.pc=0x000001674330b5d0 relative=0x0000000000002c30
Event: 106.791 Thread 0x0000016796d0a600 Uncommon trap: reason=unstable_if action=reinterpret pc=0x000001674330b5d0 method=org.eclipse.jdt.internal.compiler.parser.Scanner.internalScanIdentifierOrKeyword(II[C)Lorg/eclipse/jdt/internal/compiler/parser/TerminalToken; @ 1197 c2
Event: 106.792 Thread 0x0000016796d0a600 DEOPT PACKING pc=0x000001674330b5d0 sp=0x00000056f48ff020
Event: 106.792 Thread 0x0000016796d0a600 DEOPT UNPACKING pc=0x0000016742453aa2 sp=0x00000056f48fefb0 mode 2
Event: 108.293 Thread 0x0000016796d0a600 DEOPT PACKING pc=0x000001673cb69fba sp=0x00000056f48ff140
Event: 108.293 Thread 0x0000016796d0a600 DEOPT UNPACKING pc=0x0000016742454242 sp=0x00000056f48fe900 mode 0
Event: 110.875 Thread 0x0000016796d0a600 Uncommon trap: trap_request=0xffffff45 fr.pc=0x000001674333f6dc relative=0x00000000000012bc
Event: 110.875 Thread 0x0000016796d0a600 Uncommon trap: reason=unstable_if action=reinterpret pc=0x000001674333f6dc method=org.eclipse.jdt.internal.compiler.parser.Scanner.internalScanIdentifierOrKeyword(II[C)Lorg/eclipse/jdt/internal/compiler/parser/TerminalToken; @ 3690 c2
Event: 110.875 Thread 0x0000016796d0a600 DEOPT PACKING pc=0x000001674333f6dc sp=0x00000056f48ff2c0
Event: 110.875 Thread 0x0000016796d0a600 DEOPT UNPACKING pc=0x0000016742453aa2 sp=0x00000056f48ff250 mode 2
Event: 121.281 Thread 0x0000016796d0a600 Uncommon trap: trap_request=0xffffff45 fr.pc=0x0000016743359fbc relative=0x0000000000001a9c
Event: 121.281 Thread 0x0000016796d0a600 Uncommon trap: reason=unstable_if action=reinterpret pc=0x0000016743359fbc method=org.eclipse.jdt.internal.compiler.parser.Scanner.internalScanIdentifierOrKeyword(II[C)Lorg/eclipse/jdt/internal/compiler/parser/TerminalToken; @ 2826 c2
Event: 121.281 Thread 0x0000016796d0a600 DEOPT PACKING pc=0x0000016743359fbc sp=0x00000056f48ff2c0
Event: 121.281 Thread 0x0000016796d0a600 DEOPT UNPACKING pc=0x0000016742453aa2 sp=0x00000056f48ff250 mode 2
Event: 121.394 Thread 0x0000016796d0a600 Uncommon trap: trap_request=0xffffff45 fr.pc=0x0000016743297384 relative=0x00000000000006c4
Event: 121.394 Thread 0x0000016796d0a600 Uncommon trap: reason=unstable_if action=reinterpret pc=0x0000016743297384 method=org.eclipse.jdt.internal.compiler.util.Util.scanTypeSignature([CI)I @ 17 c2
Event: 121.394 Thread 0x0000016796d0a600 DEOPT PACKING pc=0x0000016743297384 sp=0x00000056f48ff1f0
Event: 121.394 Thread 0x0000016796d0a600 DEOPT UNPACKING pc=0x0000016742453aa2 sp=0x00000056f48ff138 mode 2

Classes loaded (20 events):
Event: 62.541 Loading class java/util/concurrent/CompletionException
Event: 62.541 Loading class java/util/concurrent/CompletionException done
Event: 62.563 Loading class java/nio/file/FileTreeWalker$1
Event: 62.564 Loading class java/nio/file/FileTreeWalker$1 done
Event: 63.739 Loading class java/nio/file/FileChannelLinesSpliterator
Event: 63.739 Loading class java/nio/file/FileChannelLinesSpliterator done
Event: 63.741 Loading class java/util/stream/Streams$1
Event: 63.741 Loading class java/util/stream/Streams$1 done
Event: 63.742 Loading class java/nio/file/FileChannelLinesSpliterator$1
Event: 63.742 Loading class java/nio/file/FileChannelLinesSpliterator$1 done
Event: 64.030 Loading class java/util/concurrent/CopyOnWriteArraySet
Event: 64.031 Loading class java/util/concurrent/CopyOnWriteArraySet done
Event: 64.454 Loading class java/io/FileFilter
Event: 64.455 Loading class java/io/FileFilter done
Event: 64.531 Loading class java/util/concurrent/ConcurrentHashMap$ValueSpliterator
Event: 64.532 Loading class java/util/concurrent/ConcurrentHashMap$ValueSpliterator done
Event: 64.536 Loading class jdk/internal/loader/BootLoader$PackageHelper
Event: 64.537 Loading class jdk/internal/loader/BootLoader$PackageHelper done
Event: 96.969 Loading class java/lang/Class$EnclosingMethodInfo
Event: 96.970 Loading class java/lang/Class$EnclosingMethodInfo done

Classes unloaded (13 events):
Event: 23.197 Thread 0x000001674e7630a0 Unloading class 0x00000167501a4800 'java/lang/invoke/LambdaForm$MH+0x00000167501a4800'
Event: 23.197 Thread 0x000001674e7630a0 Unloading class 0x00000167501a4400 'java/lang/invoke/LambdaForm$MH+0x00000167501a4400'
Event: 23.197 Thread 0x000001674e7630a0 Unloading class 0x00000167501a4000 'java/lang/invoke/LambdaForm$MH+0x00000167501a4000'
Event: 23.197 Thread 0x000001674e7630a0 Unloading class 0x00000167501a3c00 'java/lang/invoke/LambdaForm$MH+0x00000167501a3c00'
Event: 23.197 Thread 0x000001674e7630a0 Unloading class 0x00000167501a3800 'java/lang/invoke/LambdaForm$BMH+0x00000167501a3800'
Event: 23.197 Thread 0x000001674e7630a0 Unloading class 0x00000167501a3400 'java/lang/invoke/LambdaForm$DMH+0x00000167501a3400'
Event: 23.197 Thread 0x000001674e7630a0 Unloading class 0x00000167501a2000 'java/lang/invoke/LambdaForm$DMH+0x00000167501a2000'
Event: 24.318 Thread 0x000001674e7630a0 Unloading class 0x00000167503c9c00 'java/lang/invoke/LambdaForm$MH+0x00000167503c9c00'
Event: 24.318 Thread 0x000001674e7630a0 Unloading class 0x00000167503c9000 'java/lang/invoke/LambdaForm$MH+0x00000167503c9000'
Event: 24.318 Thread 0x000001674e7630a0 Unloading class 0x00000167503c8800 'java/lang/invoke/LambdaForm$MH+0x00000167503c8800'
Event: 24.318 Thread 0x000001674e7630a0 Unloading class 0x00000167503c8000 'java/lang/invoke/LambdaForm$MH+0x00000167503c8000'
Event: 24.318 Thread 0x000001674e7630a0 Unloading class 0x00000167503c3800 'java/lang/invoke/LambdaForm$DMH+0x00000167503c3800'
Event: 24.318 Thread 0x000001674e7630a0 Unloading class 0x00000167503c3000 'java/lang/invoke/LambdaForm$MH+0x00000167503c3000'

Classes redefined (0 events):
No events

Internal exceptions (20 events):
Event: 95.999 Thread 0x0000016796d0a600 Exception <a 'sun/nio/fs/WindowsException'{0x00000000d5c6b890}> (0x00000000d5c6b890) 
thrown [s\src\hotspot\share\prims\jni.cpp, line 520]
Event: 96.130 Thread 0x0000016796d0a600 Exception <a 'sun/nio/fs/WindowsException'{0x00000000d633a628}> (0x00000000d633a628) 
thrown [s\src\hotspot\share\prims\jni.cpp, line 520]
Event: 96.183 Thread 0x0000016796d0a600 Exception <a 'sun/nio/fs/WindowsException'{0x00000000d635f240}> (0x00000000d635f240) 
thrown [s\src\hotspot\share\prims\jni.cpp, line 520]
Event: 96.250 Thread 0x0000016796d0a600 Exception <a 'sun/nio/fs/WindowsException'{0x00000000d637c160}> (0x00000000d637c160) 
thrown [s\src\hotspot\share\prims\jni.cpp, line 520]
Event: 96.314 Thread 0x0000016796d0a600 Exception <a 'sun/nio/fs/WindowsException'{0x00000000d65d6ce0}> (0x00000000d65d6ce0) 
thrown [s\src\hotspot\share\prims\jni.cpp, line 520]
Event: 96.447 Thread 0x0000016796d0a600 Exception <a 'sun/nio/fs/WindowsException'{0x00000000d5c1d900}> (0x00000000d5c1d900) 
thrown [s\src\hotspot\share\prims\jni.cpp, line 520]
Event: 96.512 Thread 0x0000016796d0a600 Exception <a 'sun/nio/fs/WindowsException'{0x00000000d5cff940}> (0x00000000d5cff940) 
thrown [s\src\hotspot\share\prims\jni.cpp, line 520]
Event: 96.653 Thread 0x0000016796d0a600 Exception <a 'sun/nio/fs/WindowsException'{0x00000000d596aa60}> (0x00000000d596aa60) 
thrown [s\src\hotspot\share\prims\jni.cpp, line 520]
Event: 96.750 Thread 0x0000016796d0a600 Exception <a 'sun/nio/fs/WindowsException'{0x00000000d6c7a7f8}> (0x00000000d6c7a7f8) 
thrown [s\src\hotspot\share\prims\jni.cpp, line 520]
Event: 96.815 Thread 0x0000016796d0a600 Exception <a 'sun/nio/fs/WindowsException'{0x00000000d6e44538}> (0x00000000d6e44538) 
thrown [s\src\hotspot\share\prims\jni.cpp, line 520]
Event: 96.880 Thread 0x0000016796d0a600 Exception <a 'sun/nio/fs/WindowsException'{0x00000000d58b0560}> (0x00000000d58b0560) 
thrown [s\src\hotspot\share\prims\jni.cpp, line 520]
Event: 96.967 Thread 0x0000016796d0a600 Exception <a 'sun/nio/fs/WindowsException'{0x00000000d65b1c08}> (0x00000000d65b1c08) 
thrown [s\src\hotspot\share\prims\jni.cpp, line 520]
Event: 97.072 Thread 0x0000016796d0a600 Exception <a 'sun/nio/fs/WindowsException'{0x00000000d63c6cc8}> (0x00000000d63c6cc8) 
thrown [s\src\hotspot\share\prims\jni.cpp, line 520]
Event: 97.182 Thread 0x0000016796d0a600 Exception <a 'sun/nio/fs/WindowsException'{0x00000000d5b05ac0}> (0x00000000d5b05ac0) 
thrown [s\src\hotspot\share\prims\jni.cpp, line 520]
Event: 97.235 Thread 0x0000016796d0a600 Exception <a 'sun/nio/fs/WindowsException'{0x00000000d5f89108}> (0x00000000d5f89108) 
thrown [s\src\hotspot\share\prims\jni.cpp, line 520]
Event: 97.638 Thread 0x0000016796d0a600 Exception <a 'sun/nio/fs/WindowsException'{0x00000000d56c0d78}> (0x00000000d56c0d78) 
thrown [s\src\hotspot\share\prims\jni.cpp, line 520]
Event: 97.895 Thread 0x0000016796d0a600 Exception <a 'sun/nio/fs/WindowsException'{0x00000000d661d9d0}> (0x00000000d661d9d0) 
thrown [s\src\hotspot\share\prims\jni.cpp, line 520]
Event: 98.242 Thread 0x0000016796d0a600 Exception <a 'sun/nio/fs/WindowsException'{0x00000000d593cc40}> (0x00000000d593cc40) 
thrown [s\src\hotspot\share\prims\jni.cpp, line 520]
Event: 98.326 Thread 0x0000016796d0a600 Exception <a 'sun/nio/fs/WindowsException'{0x00000000d5b4d068}> (0x00000000d5b4d068) 
thrown [s\src\hotspot\share\prims\jni.cpp, line 520]
Event: 99.309 Thread 0x0000016796d0a600 Exception <a 'sun/nio/fs/WindowsException'{0x00000000d5cdd7e0}> (0x00000000d5cdd7e0) 
thrown [s\src\hotspot\share\prims\jni.cpp, line 520]

ZGC Phase Switch (0 events):
No events

VM Operations (20 events):
Event: 119.665 Executing VM operation: ParallelGCFailedAllocation (Allocation Failure)
Event: 119.668 Executing VM operation: ParallelGCFailedAllocation (Allocation Failure) done
Event: 120.276 Executing VM operation: ParallelGCFailedAllocation (Allocation Failure)
Event: 120.279 Executing VM operation: ParallelGCFailedAllocation (Allocation Failure) done
Event: 120.362 Executing VM operation: HandshakeAllThreads (HandshakeForDeflation)
Event: 120.362 Executing VM operation: HandshakeAllThreads (HandshakeForDeflation) done
Event: 120.362 Executing VM operation: RendezvousGCThreads
Event: 120.362 Executing VM operation: RendezvousGCThreads done
Event: 121.024 Executing VM operation: ParallelGCFailedAllocation (Allocation Failure)
Event: 121.030 Executing VM operation: ParallelGCFailedAllocation (Allocation Failure) done
Event: 121.200 Executing VM operation: ParallelGCFailedAllocation (Allocation Failure)
Event: 121.223 Executing VM operation: ParallelGCFailedAllocation (Allocation Failure) done
Event: 121.322 Executing VM operation: ParallelGCFailedAllocation (Allocation Failure)
Event: 121.326 Executing VM operation: ParallelGCFailedAllocation (Allocation Failure) done
Event: 121.351 Executing VM operation: ParallelGCFailedAllocation (Allocation Failure)
Event: 121.354 Executing VM operation: ParallelGCFailedAllocation (Allocation Failure) done
Event: 121.374 Executing VM operation: ParallelGCFailedAllocation (Allocation Failure)
Event: 121.377 Executing VM operation: ParallelGCFailedAllocation (Allocation Failure) done
Event: 121.403 Executing VM operation: ParallelGCFailedAllocation (Allocation Failure)
Event: 121.406 Executing VM operation: ParallelGCFailedAllocation (Allocation Failure) done

Memory protections (0 events):
No events

Nmethod flushes (20 events):
Event: 49.157 Thread 0x000001674e7630a0 flushing  nmethod 0x000001673b7d3b90
Event: 49.157 Thread 0x000001674e7630a0 flushing  nmethod 0x000001673b7d4390
Event: 49.157 Thread 0x000001674e7630a0 flushing  nmethod 0x000001673b7d4790
Event: 49.157 Thread 0x000001674e7630a0 flushing  nmethod 0x000001673b7d5510
Event: 49.157 Thread 0x000001674e7630a0 flushing  nmethod 0x000001673b7d6010
Event: 49.157 Thread 0x000001674e7630a0 flushing  nmethod 0x000001673b7d6c90
Event: 49.157 Thread 0x000001674e7630a0 flushing  nmethod 0x000001673b7d9410
Event: 49.157 Thread 0x000001674e7630a0 flushing  nmethod 0x000001673b7da910
Event: 49.157 Thread 0x000001674e7630a0 flushing  nmethod 0x000001673b7db090
Event: 49.157 Thread 0x000001674e7630a0 flushing  nmethod 0x000001673b7dbb90
Event: 49.157 Thread 0x000001674e7630a0 flushing  nmethod 0x000001673b7de890
Event: 49.157 Thread 0x000001674e7630a0 flushing  nmethod 0x000001673b7e8410
Event: 49.157 Thread 0x000001674e7630a0 flushing  nmethod 0x000001673b7f3310
Event: 49.157 Thread 0x000001674e7630a0 flushing  nmethod 0x000001673b810090
Event: 49.157 Thread 0x000001674e7630a0 flushing  nmethod 0x000001673b810810
Event: 49.157 Thread 0x000001674e7630a0 flushing  nmethod 0x000001673b812390
Event: 49.157 Thread 0x000001674e7630a0 flushing  nmethod 0x000001673b813310
Event: 49.157 Thread 0x000001674e7630a0 flushing  nmethod 0x000001673b813990
Event: 49.157 Thread 0x000001674e7630a0 flushing  nmethod 0x000001673b814c10
Event: 49.157 Thread 0x000001674e7630a0 flushing  nmethod 0x000001673b814f90

Events (20 events):
Event: 46.743 Thread 0x0000016796d08530 Thread added: 0x0000016796ac3f00
Event: 46.743 Thread 0x0000016796ac3870 Thread added: 0x0000016796ac5940
Event: 46.743 Thread 0x0000016796ac6660 Thread added: 0x0000016796ac0a80
Event: 46.743 Thread 0x0000016796d08530 Thread added: 0x0000016796ac24c0
Event: 46.743 Thread 0x0000016796d08530 Thread added: 0x0000016796ac52b0
Event: 52.757 Thread 0x0000016796d08530 Thread added: 0x0000016796abfd60
Event: 52.945 Thread 0x0000016796d08530 Thread added: 0x0000016796ac4c20
Event: 53.139 Thread 0x0000016796d08530 Thread added: 0x0000016796ac5fd0
Event: 53.139 Thread 0x0000016796d08530 Thread added: 0x0000016796ac1110
Event: 53.140 Thread 0x0000016796d08530 Thread added: 0x0000016796ac2b50
Event: 53.140 Thread 0x0000016796d08530 Thread added: 0x0000016796ac6cf0
Event: 53.140 Thread 0x0000016796d08530 Thread added: 0x0000016796ac7380
Event: 53.140 Thread 0x0000016796d08530 Thread added: 0x0000016799568370
Event: 53.142 Thread 0x0000016796d08530 Thread added: 0x0000016799567650
Event: 53.225 Thread 0x0000016796d08530 Thread added: 0x000001679956df50
Event: 53.225 Thread 0x0000016796d08530 Thread added: 0x000001679956b160
Event: 63.930 Thread 0x0000016796d08530 Thread added: 0x0000016799568a00
Event: 64.229 Thread 0x0000016796d08530 Thread added: 0x0000016799569720
Event: 116.195 Thread 0x0000016796abfd60 Thread exited: 0x0000016796abfd60
Event: 121.082 Thread 0x00000167980b5ab0 Thread exited: 0x00000167980b5ab0


Dynamic libraries:
0x00007ff6997c0000 - 0x00007ff6997ce000 	c:\Users\Admin\.vscode\extensions\redhat.java-1.43.1-win32-x64\jre\21.0.7-win32-x86_64\bin\java.exe
0x00007ff8aac50000 - 0x00007ff8aae67000 	C:\windows\SYSTEM32\ntdll.dll
0x00007ff8a9db0000 - 0x00007ff8a9e74000 	C:\windows\System32\KERNEL32.DLL
0x00007ff8a8090000 - 0x00007ff8a8462000 	C:\windows\System32\KERNELBASE.dll
0x00007ff8a84a0000 - 0x00007ff8a85b1000 	C:\windows\System32\ucrtbase.dll
0x00007ff88d3e0000 - 0x00007ff88d3f8000 	c:\Users\Admin\.vscode\extensions\redhat.java-1.43.1-win32-x64\jre\21.0.7-win32-x86_64\bin\jli.dll
0x00007ff88d400000 - 0x00007ff88d41e000 	c:\Users\Admin\.vscode\extensions\redhat.java-1.43.1-win32-x64\jre\21.0.7-win32-x86_64\bin\VCRUNTIME140.dll
0x00007ff8aa9a0000 - 0x00007ff8aab51000 	C:\windows\System32\USER32.dll
0x00007ff8a8470000 - 0x00007ff8a8496000 	C:\windows\System32\win32u.dll
0x00007ff8a8d00000 - 0x00007ff8a8d29000 	C:\windows\System32\GDI32.dll
0x00007ff8a87b0000 - 0x00007ff8a88d3000 	C:\windows\System32\gdi32full.dll
0x00007ff8a7d40000 - 0x00007ff8a7dda000 	C:\windows\System32\msvcp_win.dll
0x00007ff8857f0000 - 0x00007ff885a8b000 	C:\windows\WinSxS\amd64_microsoft.windows.common-controls_6595b64144ccf1df_6.0.22621.5415_none_270d77d17387d7da\COMCTL32.dll
0x00007ff8aa050000 - 0x00007ff8aa0f7000 	C:\windows\System32\msvcrt.dll
0x00007ff8a9e80000 - 0x00007ff8a9eb1000 	C:\windows\System32\IMM32.DLL
0x00007ff8a2ea0000 - 0x00007ff8a2eac000 	c:\Users\Admin\.vscode\extensions\redhat.java-1.43.1-win32-x64\jre\21.0.7-win32-x86_64\bin\vcruntime140_1.dll
0x00007ff83ff00000 - 0x00007ff83ff8d000 	c:\Users\Admin\.vscode\extensions\redhat.java-1.43.1-win32-x64\jre\21.0.7-win32-x86_64\bin\msvcp140.dll
0x00007ff832ef0000 - 0x00007ff833c80000 	c:\Users\Admin\.vscode\extensions\redhat.java-1.43.1-win32-x64\jre\21.0.7-win32-x86_64\bin\server\jvm.dll
0x00007ff8a9f20000 - 0x00007ff8a9fd1000 	C:\windows\System32\ADVAPI32.dll
0x00007ff8a9a60000 - 0x00007ff8a9b08000 	C:\windows\System32\sechost.dll
0x00007ff8a85c0000 - 0x00007ff8a85e8000 	C:\windows\System32\bcrypt.dll
0x00007ff8a8a40000 - 0x00007ff8a8b54000 	C:\windows\System32\RPCRT4.dll
0x00007ff8a89c0000 - 0x00007ff8a8a31000 	C:\windows\System32\WS2_32.dll
0x00007ff8a7c10000 - 0x00007ff8a7c5d000 	C:\windows\SYSTEM32\POWRPROF.dll
0x00007ff8a4600000 - 0x00007ff8a460a000 	C:\windows\SYSTEM32\VERSION.dll
0x00007ff8a49a0000 - 0x00007ff8a49d4000 	C:\windows\SYSTEM32\WINMM.dll
0x00007ff8a7bf0000 - 0x00007ff8a7c03000 	C:\windows\SYSTEM32\UMPDC.dll
0x00007ff8a6d30000 - 0x00007ff8a6d48000 	C:\windows\SYSTEM32\kernel.appcore.dll
0x00007ff8a0e30000 - 0x00007ff8a0e3a000 	c:\Users\Admin\.vscode\extensions\redhat.java-1.43.1-win32-x64\jre\21.0.7-win32-x86_64\bin\jimage.dll
0x00007ff8a5680000 - 0x00007ff8a58b3000 	C:\windows\SYSTEM32\DBGHELP.DLL
0x00007ff8aa600000 - 0x00007ff8aa993000 	C:\windows\System32\combase.dll
0x00007ff8a88e0000 - 0x00007ff8a89b7000 	C:\windows\System32\OLEAUT32.dll
0x00007ff87a960000 - 0x00007ff87a992000 	C:\windows\SYSTEM32\dbgcore.DLL
0x00007ff8a85f0000 - 0x00007ff8a866b000 	C:\windows\System32\bcryptPrimitives.dll
0x00007ff8a2e90000 - 0x00007ff8a2e9f000 	c:\Users\Admin\.vscode\extensions\redhat.java-1.43.1-win32-x64\jre\21.0.7-win32-x86_64\bin\instrument.dll
0x00007ff8833d0000 - 0x00007ff8833ef000 	c:\Users\Admin\.vscode\extensions\redhat.java-1.43.1-win32-x64\jre\21.0.7-win32-x86_64\bin\java.dll
0x00007ff8a8f60000 - 0x00007ff8a9802000 	C:\windows\System32\SHELL32.dll
0x00007ff8a8670000 - 0x00007ff8a87af000 	C:\windows\System32\wintypes.dll
0x00007ff8a5c20000 - 0x00007ff8a653e000 	C:\windows\SYSTEM32\windows.storage.dll
0x00007ff8a9ca0000 - 0x00007ff8a9dab000 	C:\windows\System32\SHCORE.dll
0x00007ff8a8ef0000 - 0x00007ff8a8f59000 	C:\windows\System32\shlwapi.dll
0x00007ff8a7c70000 - 0x00007ff8a7c9b000 	C:\windows\SYSTEM32\profapi.dll
0x00007ff88c5f0000 - 0x00007ff88c608000 	c:\Users\Admin\.vscode\extensions\redhat.java-1.43.1-win32-x64\jre\21.0.7-win32-x86_64\bin\zip.dll
0x00007ff8a0e10000 - 0x00007ff8a0e20000 	C:\Users\Admin\.vscode\extensions\redhat.java-1.43.1-win32-x64\jre\21.0.7-win32-x86_64\bin\net.dll
0x00007ff8a2fc0000 - 0x00007ff8a30ec000 	C:\windows\SYSTEM32\WINHTTP.dll
0x00007ff8a71a0000 - 0x00007ff8a7209000 	C:\windows\system32\mswsock.dll
0x00007ff883440000 - 0x00007ff883456000 	C:\Users\Admin\.vscode\extensions\redhat.java-1.43.1-win32-x64\jre\21.0.7-win32-x86_64\bin\nio.dll
0x00007ff8a17a0000 - 0x00007ff8a17b0000 	c:\Users\Admin\.vscode\extensions\redhat.java-1.43.1-win32-x64\jre\21.0.7-win32-x86_64\bin\verify.dll
0x00007ff88c3d0000 - 0x00007ff88c415000 	C:\Users\Admin\AppData\Roaming\Code\User\globalStorage\redhat.java\1.43.1\config_win\org.eclipse.equinox.launcher\org.eclipse.equinox.launcher.win32.win32.x86_64_1.2.1300.v20250331-1702\eclipse_11911.dll
0x00007ff8a8d50000 - 0x00007ff8a8ef0000 	C:\windows\System32\ole32.dll
0x00007ff8a74f0000 - 0x00007ff8a750b000 	C:\windows\SYSTEM32\CRYPTSP.dll
0x00007ff8a6c90000 - 0x00007ff8a6cc7000 	C:\windows\system32\rsaenh.dll
0x00007ff8a7240000 - 0x00007ff8a7268000 	C:\windows\SYSTEM32\USERENV.dll
0x00007ff8a74d0000 - 0x00007ff8a74dc000 	C:\windows\SYSTEM32\CRYPTBASE.dll
0x00007ff8a67a0000 - 0x00007ff8a67cd000 	C:\windows\SYSTEM32\IPHLPAPI.DLL
0x00007ff8a9c90000 - 0x00007ff8a9c99000 	C:\windows\System32\NSI.dll
0x00007ff887930000 - 0x00007ff887979000 	C:\Users\Admin\AppData\Local\Temp\jna-63116079\jna16857453484300422185.dll
0x00007ff8a9c80000 - 0x00007ff8a9c88000 	C:\windows\System32\PSAPI.DLL
0x00007ff8a0200000 - 0x00007ff8a0219000 	C:\windows\SYSTEM32\dhcpcsvc6.DLL
0x00007ff8a0010000 - 0x00007ff8a002f000 	C:\windows\SYSTEM32\dhcpcsvc.DLL
0x00007ff8a0a80000 - 0x00007ff8a0a8e000 	C:\Users\Admin\.vscode\extensions\redhat.java-1.43.1-win32-x64\jre\21.0.7-win32-x86_64\bin\sunmscapi.dll
0x00007ff8a7ea0000 - 0x00007ff8a8007000 	C:\windows\System32\CRYPT32.dll
0x00007ff8a75e0000 - 0x00007ff8a760d000 	C:\windows\SYSTEM32\ncrypt.dll
0x00007ff8a75a0000 - 0x00007ff8a75d7000 	C:\windows\SYSTEM32\NTASN1.dll
0x00007ff8a6810000 - 0x00007ff8a6908000 	C:\windows\SYSTEM32\DNSAPI.dll
0x00007ff89da20000 - 0x00007ff89da2a000 	C:\Windows\System32\rasadhlp.dll
0x00007ff89dba0000 - 0x00007ff89dc24000 	C:\windows\System32\fwpuclnt.dll
0x00007ff89f940000 - 0x00007ff89f949000 	C:\Users\Admin\.vscode\extensions\redhat.java-1.43.1-win32-x64\jre\21.0.7-win32-x86_64\bin\extnet.dll
0x00007ff883980000 - 0x00007ff8839a7000 	C:\Users\Admin\.gradle\native\1def1411415f61bf3af743bc5b6707747c0891f09f0c88961ee8f79bc544acac\windows-amd64\native-platform.dll

dbghelp: loaded successfully - version: 4.0.5 - missing functions: none
symbol engine: initialized successfully - sym options: 0x614 - pdb path: .;c:\Users\Admin\.vscode\extensions\redhat.java-1.43.1-win32-x64\jre\21.0.7-win32-x86_64\bin;C:\windows\SYSTEM32;C:\windows\WinSxS\amd64_microsoft.windows.common-controls_6595b64144ccf1df_6.0.22621.5415_none_270d77d17387d7da;c:\Users\Admin\.vscode\extensions\redhat.java-1.43.1-win32-x64\jre\21.0.7-win32-x86_64\bin\server;C:\Users\Admin\AppData\Roaming\Code\User\globalStorage\redhat.java\1.43.1\config_win\org.eclipse.equinox.launcher\org.eclipse.equinox.launcher.win32.win32.x86_64_1.2.1300.v20250331-1702;C:\Users\Admin\AppData\Local\Temp\jna-63116079;C:\Users\Admin\.gradle\native\1def1411415f61bf3af743bc5b6707747c0891f09f0c88961ee8f79bc544acac\windows-amd64

VM Arguments:
jvm_args: --add-modules=ALL-SYSTEM --add-opens=java.base/java.util=ALL-UNNAMED --add-opens=java.base/java.lang=ALL-UNNAMED --add-opens=java.base/sun.nio.fs=ALL-UNNAMED -Declipse.application=org.eclipse.jdt.ls.core.id1 -Dosgi.bundles.defaultStartLevel=4 -Declipse.product=org.eclipse.jdt.ls.core.product -Djava.import.generatesMetadataFilesAtProjectRoot=false -DDetectVMInstallationsJob.disabled=true -Dfile.encoding=utf8 -XX:+UseParallelGC -XX:GCTimeRatio=4 -XX:AdaptiveSizePolicyWeight=90 -Dsun.zip.disableMemoryMapping=true -Xmx2G -Xms100m -Xlog:disable -javaagent:c:\Users\Admin\.vscode\extensions\redhat.java-1.43.1-win32-x64\lombok\lombok-1.18.39-4050.jar -XX:+HeapDumpOnOutOfMemoryError -XX:HeapDumpPath=c:\Users\Admin\AppData\Roaming\Code\User\workspaceStorage\a22ac311986a60079b2837dc899ec97f\redhat.java -Daether.dependencyCollector.impl=bf 
java_command: c:\Users\Admin\.vscode\extensions\redhat.java-1.43.1-win32-x64\server\plugins\org.eclipse.equinox.launcher_1.7.0.v20250519-0528.jar -configuration c:\Users\Admin\AppData\Roaming\Code\User\globalStorage\redhat.java\1.43.1\config_win -data c:\Users\Admin\AppData\Roaming\Code\User\workspaceStorage\a22ac311986a60079b2837dc899ec97f\redhat.java\jdt_ws --pipe=\\.\pipe\lsp-b1a137f0403a74081fbc5bfa1ddcfc0b-sock
java_class_path (initial): c:\Users\Admin\.vscode\extensions\redhat.java-1.43.1-win32-x64\server\plugins\org.eclipse.equinox.launcher_1.7.0.v20250519-0528.jar
Launcher Type: SUN_STANDARD

[Global flags]
    uintx AdaptiveSizePolicyWeight                 = 90                                        {product} {command line}
     intx CICompilerCount                          = 4                                         {product} {ergonomic}
    uintx GCTimeRatio                              = 4                                         {product} {command line}
     bool HeapDumpOnOutOfMemoryError               = true                                   {manageable} {command line}
    ccstr HeapDumpPath                             = c:\Users\Admin\AppData\Roaming\Code\User\workspaceStorage\a22ac311986a60079b2837dc899ec97f\redhat.java         {manageable} {command line}
   size_t InitialHeapSize                          = 104857600                                 {product} {command line}
   size_t MaxHeapSize                              = 2147483648                                {product} {command line}
   size_t MaxNewSize                               = 715653120                                 {product} {ergonomic}
   size_t MinHeapDeltaBytes                        = 524288                                    {product} {ergonomic}
   size_t MinHeapSize                              = 104857600                                 {product} {command line}
   size_t NewSize                                  = 34603008                                  {product} {ergonomic}
    uintx NonNMethodCodeHeapSize                   = 5839372                                {pd product} {ergonomic}
    uintx NonProfiledCodeHeapSize                  = 122909434                              {pd product} {ergonomic}
   size_t OldSize                                  = 70254592                                  {product} {ergonomic}
    uintx ProfiledCodeHeapSize                     = 122909434                              {pd product} {ergonomic}
    uintx ReservedCodeCacheSize                    = 251658240                              {pd product} {ergonomic}
     bool SegmentedCodeCache                       = true                                      {product} {ergonomic}
   size_t SoftMaxHeapSize                          = 2147483648                             {manageable} {ergonomic}
     bool UseCompressedOops                        = true                           {product lp64_product} {ergonomic}
     bool UseLargePagesIndividualAllocation        = false                                  {pd product} {ergonomic}
     bool UseParallelGC                            = true                                      {product} {command line}

Logging:
Log output configuration:
 #0: stdout all=off uptime,level,tags foldmultilines=false
 #1: stderr all=off uptime,level,tags foldmultilines=false

Environment Variables:
JAVA_HOME=C:\Program Files\Microsoft\jdk-17.0.14.7-hotspot\
PATH=C:\Program Files\Microsoft\jdk-17.0.14.7-hotspot\bin;C:\windows\system32;C:\windows;C:\windows\System32\Wbem;C:\windows\System32\WindowsPowerShell\v1.0\;C:\windows\System32\OpenSSH\;C:\Program Files\Git\cmd;C:\Program Files\dotnet\;C:\ProgramData\chocolatey\bin;C:\Program Files\nodejs\;C:\Users\Admin\AppData\Local\Android\Sdk\platform-tools;C:\Program Files\Microsoft SQL Server\150\Tools\Binn\;C:\Program Files\Microsoft SQL Server\Client SDK\ODBC\170\Tools\Binn\;C:\Users\Admin\AppData\Local\Microsoft\WindowsApps;C:\Users\Admin\AppData\Local\Programs\Microsoft VS Code\bin;C:\MinGW\bin;C:\Users\Admin\AppData\Local\GitHubDesktop\bin;C:\Users\Admin\.dotnet\tools;C:\Users\Admin\AppData\Roaming\npm;C:\Users\Admin\AppData\Local\Muse Hub\lib
USERNAME=Admin
OS=Windows_NT
PROCESSOR_IDENTIFIER=Intel64 Family 6 Model 186 Stepping 3, GenuineIntel
TMP=C:\Users\Admin\AppData\Local\Temp
TEMP=C:\Users\Admin\AppData\Local\Temp




Periodic native trim disabled

---------------  S Y S T E M  ---------------

OS:
 Windows 11 , 64 bit Build 22621 (10.0.22621.5415)
OS uptime: 6 days 10:09 hours
Hyper-V role detected

CPU: total 12 (initial active 12) (6 cores per cpu, 2 threads per core) family 6 model 186 stepping 3 microcode 0x4128, cx8, cmov, fxsr, ht, mmx, 3dnowpref, sse, sse2, sse3, ssse3, sse4.1, sse4.2, popcnt, lzcnt, tsc, tscinvbit, avx, avx2, aes, erms, clmul, bmi1, bmi2, adx, sha, fma, vzeroupper, clflush, clflushopt, clwb, hv, serialize, rdtscp, rdpid, fsrm, f16c, cet_ibt, cet_ss
Processor Information for the first 12 processors :
  Max Mhz: 1700, Current Mhz: 1700, Mhz Limit: 1700

Memory: 4k page, system-wide physical 7824M (219M free)
TotalPageFile size 31376M (AvailPageFile size 0M)
current process WorkingSet (physical memory assigned to process): 488M, peak: 602M
current process commit charge ("private bytes"): 1106M, peak: 1675M

vm_info: OpenJDK 64-Bit Server VM (21.0.7+6-LTS) for windows-amd64 JRE (21.0.7+6-LTS), built on 2025-04-15T00:00:00Z by "admin" with MS VC++ 17.7 (VS2022)

END.
